number,value,datetime_start,datetime_complete,duration,params_batch_size,params_dropout,params_hidden_size,params_num_layers,params_seq_length,params_weight_decay,state
0,0.0009861780790200868,2025-06-09 20:50:13.879773,2025-06-09 22:27:57.687546,0 days 01:37:43.807773,16,0.4,32,5,576,0.0,COMPLETE
1,0.0013669470843341639,2025-06-09 22:27:57.689198,2025-06-10 11:48:54.090713,0 days 13:20:56.401515,32,0.0,256,5,720,0.0,COMPLETE
2,0.000598409550559665,2025-06-10 11:48:54.093139,2025-06-10 12:37:09.902381,0 days 00:48:15.809242,64,0.5,128,5,144,1e-05,COMPLETE
3,0.00041546008912129247,2025-06-10 12:37:09.904307,2025-06-10 12:52:34.877117,0 days 00:15:24.972810,64,0.3,64,2,144,1e-05,COMPLETE
4,0.0005117730899451985,2025-06-10 12:52:34.879667,2025-06-10 13:23:53.019883,0 days 00:31:18.140216,128,0.2,64,4,288,1e-05,COMPLETE
5,0.001145058946482689,2025-06-10 13:23:53.021588,2025-06-10 13:48:40.876822,0 days 00:24:47.855234,128,0.3,32,3,864,1e-05,COMPLETE
6,0.000647940546464335,2025-06-10 13:48:40.878340,2025-06-10 14:17:07.974619,0 days 00:28:27.096279,64,0.0,32,2,720,0.0,COMPLETE
7,0.0007160022718190027,2025-06-10 14:17:07.976105,2025-06-10 15:12:38.296839,0 days 00:55:30.320734,32,0.5,32,3,144,0.0001,COMPLETE
8,0.0005953535551706937,2025-06-10 15:12:38.298388,2025-06-10 16:57:02.573319,0 days 01:44:24.274931,16,0.4,32,3,432,1e-05,COMPLETE
9,0.0024056871988824484,2025-06-10 16:57:02.574927,2025-06-10 17:58:05.643883,0 days 01:01:03.068956,64,0.0,32,4,1008,1e-05,COMPLETE
10,0.0005238532483297233,2025-06-10 17:58:05.645793,2025-06-10 18:17:52.728928,0 days 00:19:47.083135,64,0.3,64,2,144,1e-06,COMPLETE
11,0.0006157469450919943,2025-06-10 18:17:52.730484,2025-06-10 18:38:27.315475,0 days 00:20:34.584991,128,0.2,64,4,288,1e-05,COMPLETE
12,0.0008191403328588858,2025-06-10 18:38:27.317330,2025-06-10 19:04:53.997321,0 days 00:26:26.679991,128,0.2,64,4,288,0.0001,COMPLETE
13,0.00023083238651312984,2025-06-10 19:04:53.998795,2025-06-10 19:31:13.662557,0 days 00:26:19.663762,128,0.1,64,2,288,1e-06,COMPLETE
14,0.0009010977313321535,2025-06-10 19:31:13.666105,2025-06-10 20:04:59.051811,0 days 00:33:45.385706,128,0.1,64,2,1008,1e-06,COMPLETE
15,0.0006697823715170074,2025-06-10 20:04:59.053154,2025-06-10 22:53:05.994758,0 days 02:48:06.941604,64,0.1,256,2,432,1e-06,COMPLETE
16,0.0005461223053242286,2025-06-10 22:53:05.997207,2025-06-11 00:59:33.750020,0 days 02:06:27.752813,32,0.3,128,2,864,1e-06,COMPLETE
17,0.00022721421785584848,2025-06-11 00:59:33.752301,2025-06-11 02:22:30.923371,0 days 01:22:57.171070,16,0.1,64,2,576,1e-06,COMPLETE
18,0.0002750656636439566,2025-06-11 02:22:30.925427,2025-06-11 05:30:54.075626,0 days 03:08:23.150199,16,0.1,64,2,576,1e-06,COMPLETE
19,0.0008557201289579314,2025-06-11 05:30:54.077745,2025-06-11 07:09:07.055658,0 days 01:38:12.977913,16,0.1,64,2,576,1e-06,COMPLETE
20,0.0009739848921589487,2025-06-11 07:09:07.057963,2025-06-11 10:23:19.353951,0 days 03:14:12.295988,16,0.1,256,2,288,1e-06,COMPLETE
21,0.00085825007833164,2025-06-11 10:23:19.355715,2025-06-11 11:40:20.274492,0 days 01:17:00.918777,16,0.1,64,2,576,1e-06,COMPLETE
22,0.00030829761066417306,2025-06-11 11:40:20.276067,2025-06-11 13:11:22.433201,0 days 01:31:02.157134,16,0.1,64,2,576,1e-06,COMPLETE
23,0.00077200086195115,2025-06-11 13:11:22.434414,2025-06-11 14:38:46.378869,0 days 01:27:23.944455,16,0.1,64,2,576,1e-06,COMPLETE
24,8.958864444659739e-05,2025-06-11 14:38:46.382423,2025-06-11 18:08:43.803367,0 days 03:29:57.420944,16,0.1,128,2,576,1e-06,COMPLETE
25,0.0007297585038231911,2025-06-11 18:08:43.805098,2025-06-11 19:38:14.842533,0 days 01:29:31.037435,128,0.1,128,2,576,0.0001,COMPLETE
26,0.0005904135317999044,2025-06-11 19:38:14.850993,2025-06-11 21:06:00.009293,0 days 01:27:45.158300,16,0.1,128,2,288,1e-06,COMPLETE
27,0.0005992580335646905,2025-06-11 21:06:00.014679,2025-06-12 02:55:48.996837,0 days 05:49:48.982158,16,0.1,128,5,576,1e-06,COMPLETE
28,0.0003029572694407964,2025-06-12 02:55:48.998799,2025-06-12 06:43:39.585706,0 days 03:47:50.586907,128,0.4,128,3,864,1e-06,COMPLETE
29,0.0009994109949572568,2025-06-12 06:43:39.586925,2025-06-12 11:19:47.997809,0 days 04:36:08.410884,16,0.5,128,5,576,0.0,COMPLETE
30,0.0008797027687455305,2025-06-12 11:19:47.999814,2025-06-12 16:10:46.737537,0 days 04:50:58.737723,32,0.4,256,2,720,1e-06,COMPLETE
31,0.0004542207321451029,2025-06-12 16:10:46.739688,2025-06-12 17:21:15.301354,0 days 01:10:28.561666,16,0.1,64,2,576,1e-06,COMPLETE
32,0.0005111951768986234,2025-06-12 17:21:15.302996,2025-06-12 18:36:45.860197,0 days 01:15:30.557201,16,0.1,64,2,576,1e-06,COMPLETE
33,0.0008987299967861398,2025-06-12 18:36:45.861939,2025-06-12 19:41:20.443225,0 days 01:04:34.581286,16,0.1,64,2,576,0.0,COMPLETE
34,0.0008419507447557709,2025-06-12 19:41:20.444776,2025-06-12 21:04:55.304514,0 days 01:23:34.859738,16,0.1,64,5,576,1e-06,COMPLETE
35,0.0008084639021843097,2025-06-12 21:04:55.306229,2025-06-12 22:16:35.752847,0 days 01:11:40.446618,16,0.1,128,2,432,1e-06,COMPLETE
36,0.0012001824372974653,2025-06-12 22:16:35.754630,2025-06-12 22:56:28.745393,0 days 00:39:52.990763,128,0.0,64,2,1008,0.0001,COMPLETE
37,0.0008650710926879104,2025-06-12 22:56:28.747274,2025-06-13 00:55:47.887011,0 days 01:59:19.139737,32,0.5,256,2,288,0.0,COMPLETE
38,0.0004884492250721257,2025-06-13 00:55:47.889292,2025-06-13 02:37:45.915710,0 days 01:41:58.026418,16,0.2,64,5,720,1e-06,COMPLETE
39,0.0007776617658989759,2025-06-13 02:37:45.917592,2025-06-13 04:46:17.669333,0 days 02:08:31.751741,128,0.1,128,3,576,1e-06,COMPLETE
40,0.0008770387377277784,2025-06-13 04:46:17.671183,2025-06-13 05:54:18.143303,0 days 01:08:00.472120,16,0.1,64,4,144,1e-06,COMPLETE
41,0.0008427471400553053,2025-06-13 05:54:18.144884,2025-06-13 08:25:23.993358,0 days 02:31:05.848474,128,0.4,128,3,864,1e-06,COMPLETE
42,0.00028505061561836983,2025-06-13 08:25:23.995081,2025-06-13 15:01:33.165003,0 days 06:36:09.169922,128,0.4,128,3,864,1e-06,COMPLETE
43,0.0006561284546037327,2025-06-13 15:01:33.166599,2025-06-13 17:44:07.576612,0 days 02:42:34.410013,128,0.4,128,3,864,1e-06,COMPLETE
44,0.0003623746284213591,2025-06-13 17:44:07.578794,2025-06-13 18:12:32.819048,0 days 00:28:25.240254,128,0.4,32,3,864,1e-05,COMPLETE
45,0.00133191897635489,2025-06-13 18:12:32.820853,2025-06-13 19:31:40.973206,0 days 01:19:08.152353,64,0.0,128,3,288,0.0001,COMPLETE
46,0.0004327977246073288,2025-06-13 19:31:40.975460,2025-06-13 20:20:49.823947,0 days 00:49:08.848487,128,0.3,32,4,864,1e-06,COMPLETE
47,0.00034115137039475153,2025-06-13 20:20:49.825504,2025-06-13 21:33:20.876592,0 days 01:12:31.051088,32,0.4,64,2,1008,0.0,COMPLETE
48,0.000697927448407684,2025-06-13 21:33:20.879382,2025-06-13 23:32:43.938519,0 days 01:59:23.059137,128,0.5,128,3,432,1e-06,COMPLETE
49,0.00024878570330632947,2025-06-13 23:32:43.940304,2025-06-14 00:04:39.434073,0 days 00:31:55.493769,64,0.2,64,2,144,1e-05,COMPLETE
