[I 2025-08-07 06:25:55,618] Trial 45 finished with value: 0.028226196765899658 and parameters: {'lambda0': 0.15896173027803756, 'epsilon': 0.000678054904367135}. Best is trial 23 with value: 0.013557718135416508.
--- Task 0 (LWF α=0.0000, SI λ=0.0411, ε=0.000152) ---
--- Task 1 (LWF α=0.0000, SI λ=0.0411, ε=0.000152) ---
--- Task 2 (LWF α=0.0000, SI λ=0.0411, ε=0.000152) ---
Trial 46: λ=[0.0411,0.0411,0.0411], ε=0.000152 → MAEs=[0.0126,0.0240,0.0158], Avg=0.0175
[I 2025-08-07 08:01:06,751] Trial 46 finished with value: 0.017479591071605682 and parameters: {'lambda0': 0.04109376103652622, 'epsilon': 0.00015232856539541863}. Best is trial 23 with value: 0.013557718135416508.
--- Task 0 (LWF α=0.0000, SI λ=0.0372, ε=0.000118) ---
--- Task 1 (LWF α=0.0000, SI λ=0.0372, ε=0.000118) ---
--- Task 2 (LWF α=0.0000, SI λ=0.0372, ε=0.000118) ---
Trial 47: λ=[0.0372,0.0372,0.0372], ε=0.000118 → MAEs=[0.0142,0.0258,0.0146], Avg=0.0182
[I 2025-08-07 09:26:21,232] Trial 47 finished with value: 0.018199820071458817 and parameters: {'lambda0': 0.03715428256924817, 'epsilon': 0.00011752003418812835}. Best is trial 23 with value: 0.013557718135416508.
--- Task 0 (LWF α=0.0000, SI λ=0.0419, ε=0.000109) ---
--- Task 1 (LWF α=0.0000, SI λ=0.0419, ε=0.000109) ---
--- Task 2 (LWF α=0.0000, SI λ=0.0419, ε=0.000109) ---
Trial 48: λ=[0.0419,0.0419,0.0419], ε=0.000109 → MAEs=[0.0222,0.0577,0.0097], Avg=0.0299
[I 2025-08-07 11:28:28,355] Trial 48 finished with value: 0.0298757404088974 and parameters: {'lambda0': 0.041917910233881875, 'epsilon': 0.00010926620156915561}. Best is trial 23 with value: 0.013557718135416508.
--- Task 0 (LWF α=0.0000, SI λ=0.0154, ε=0.000245) ---
--- Task 1 (LWF α=0.0000, SI λ=0.0154, ε=0.000245) ---
--- Task 2 (LWF α=0.0000, SI λ=0.0154, ε=0.000245) ---
Trial 49: λ=[0.0154,0.0154,0.0154], ε=0.000245 → MAEs=[0.0988,0.1212,0.0066], Avg=0.0756
[I 2025-08-07 13:06:53,833] Trial 49 finished with value: 0.0755540132522583 and parameters: {'lambda0': 0.015431547096611514, 'epsilon': 0.00024488480909301905}. Best is trial 23 with value: 0.013557718135416508.

==================================================
SI OPTIMIZATION COMPLETED!
==================================================
Best Validation MAE: 0.013558
Best Parameters:
  lambda0: 0.332995
  epsilon: 0.001610
Completed trials: 50
==================================================

Final Best MAE: 0.013558
  lambda0: 0.332995
  epsilon: 0.001610
