=== Job Start: Sun Aug  3 07:52:57 AM CEST 2025 ===
Job ID:           91602
Job Name:         si_optuna
Partition:        gpu
Node List:        gpu008
Requested GPUs:   0
CUDA Devices:     0
Running on host:  gpu008

=== GPU Details via nvidia-smi ===
0, Tesla P100-PCIE-16GB, 16384 MiB, 0 %, 33
===================================
Starting SI optimization with 50 trials
Device: cuda:0
Note: SI trains from scratch (no pretrained Task0 model)
Loading data and creating dataloaders...
Data loaded!
--- Task 0 (LWF α=0.0000, SI λ=0.1329, ε=0.007114) ---
--- Task 1 (LWF α=0.0000, SI λ=0.1329, ε=0.007114) ---
--- Task 2 (LWF α=0.0000, SI λ=0.1329, ε=0.007114) ---
Trial  0: λ=[0.1329,0.1329,0.1329], ε=0.007114 → MAEs=[0.2583,0.0127,0.0147], Avg=0.0952
[I 2025-08-03 09:39:14,772] Trial 0 finished with value: 0.09524504095315933 and parameters: {'lambda0': 0.13292918943162169, 'epsilon': 0.0071144760093434225}. Best is trial 0 with value: 0.09524504095315933.
--- Task 0 (LWF α=0.0000, SI λ=1.5703, ε=0.000625) ---
--- Task 1 (LWF α=0.0000, SI λ=1.5703, ε=0.000625) ---
--- Task 2 (LWF α=0.0000, SI λ=1.5703, ε=0.000625) ---
Trial  1: λ=[1.5703,1.5703,1.5703], ε=0.000625 → MAEs=[0.0572,0.1473,0.0090], Avg=0.0711
[I 2025-08-03 11:59:15,818] Trial 1 finished with value: 0.07114758342504501 and parameters: {'lambda0': 1.5702970884055387, 'epsilon': 0.0006251373574521745}. Best is trial 1 with value: 0.07114758342504501.
--- Task 0 (LWF α=0.0000, SI λ=0.0294, ε=0.000029) ---
--- Task 1 (LWF α=0.0000, SI λ=0.0294, ε=0.000029) ---
--- Task 2 (LWF α=0.0000, SI λ=0.0294, ε=0.000029) ---
Trial  2: λ=[0.0294,0.0294,0.0294], ε=0.000029 → MAEs=[0.0515,0.1233,0.0101], Avg=0.0616
[I 2025-08-03 13:56:00,198] Trial 2 finished with value: 0.06163942813873291 and parameters: {'lambda0': 0.02938027938703535, 'epsilon': 2.9375384576328295e-05}. Best is trial 2 with value: 0.06163942813873291.
--- Task 0 (LWF α=0.0000, SI λ=0.0149, ε=0.003968) ---
--- Task 1 (LWF α=0.0000, SI λ=0.0149, ε=0.003968) ---
--- Task 2 (LWF α=0.0000, SI λ=0.0149, ε=0.003968) ---
Trial  3: λ=[0.0149,0.0149,0.0149], ε=0.003968 → MAEs=[0.0165,0.0183,0.0189], Avg=0.0179
[I 2025-08-03 15:30:55,396] Trial 3 finished with value: 0.01788189820945263 and parameters: {'lambda0': 0.014936568554617643, 'epsilon': 0.003967605077052989}. Best is trial 3 with value: 0.01788189820945263.
--- Task 0 (LWF α=0.0000, SI λ=0.6358, ε=0.001331) ---
--- Task 1 (LWF α=0.0000, SI λ=0.6358, ε=0.001331) ---
--- Task 2 (LWF α=0.0000, SI λ=0.6358, ε=0.001331) ---
Trial  4: λ=[0.6358,0.6358,0.6358], ε=0.001331 → MAEs=[0.0229,0.0327,0.0133], Avg=0.0230
[I 2025-08-03 16:48:41,731] Trial 4 finished with value: 0.022987432777881622 and parameters: {'lambda0': 0.6358358856676253, 'epsilon': 0.001331121608073689}. Best is trial 3 with value: 0.01788189820945263.
--- Task 0 (LWF α=0.0000, SI λ=0.0115, ε=0.008123) ---
--- Task 1 (LWF α=0.0000, SI λ=0.0115, ε=0.008123) ---
--- Task 2 (LWF α=0.0000, SI λ=0.0115, ε=0.008123) ---
Trial  5: λ=[0.0115,0.0115,0.0115], ε=0.008123 → MAEs=[0.0410,0.0302,0.0078], Avg=0.0263
[I 2025-08-03 19:31:22,926] Trial 5 finished with value: 0.02631825953722 and parameters: {'lambda0': 0.011527987128232402, 'epsilon': 0.008123245085588688}. Best is trial 3 with value: 0.01788189820945263.
--- Task 0 (LWF α=0.0000, SI λ=3.1429, ε=0.000043) ---
--- Task 1 (LWF α=0.0000, SI λ=3.1429, ε=0.000043) ---
--- Task 2 (LWF α=0.0000, SI λ=3.1429, ε=0.000043) ---
Trial  6: λ=[3.1429,3.1429,3.1429], ε=0.000043 → MAEs=[0.0143,0.1229,0.0118], Avg=0.0497
[I 2025-08-03 21:59:01,617] Trial 6 finished with value: 0.049701884388923645 and parameters: {'lambda0': 3.142880890840109, 'epsilon': 4.335281794951564e-05}. Best is trial 3 with value: 0.01788189820945263.
--- Task 0 (LWF α=0.0000, SI λ=0.0351, ε=0.000035) ---
--- Task 1 (LWF α=0.0000, SI λ=0.0351, ε=0.000035) ---
--- Task 2 (LWF α=0.0000, SI λ=0.0351, ε=0.000035) ---
Trial  7: λ=[0.0351,0.0351,0.0351], ε=0.000035 → MAEs=[0.0357,0.1117,0.0077], Avg=0.0517
[I 2025-08-04 00:51:40,204] Trial 7 finished with value: 0.051734548062086105 and parameters: {'lambda0': 0.035113563139704075, 'epsilon': 3.5498788321965036e-05}. Best is trial 3 with value: 0.01788189820945263.
--- Task 0 (LWF α=0.0000, SI λ=0.0818, ε=0.000375) ---
--- Task 1 (LWF α=0.0000, SI λ=0.0818, ε=0.000375) ---
--- Task 2 (LWF α=0.0000, SI λ=0.0818, ε=0.000375) ---
Trial  8: λ=[0.0818,0.0818,0.0818], ε=0.000375 → MAEs=[0.0585,0.0270,0.0121], Avg=0.0325
[I 2025-08-04 02:35:11,657] Trial 8 finished with value: 0.03253498300909996 and parameters: {'lambda0': 0.08179499475211674, 'epsilon': 0.00037520558551242813}. Best is trial 3 with value: 0.01788189820945263.
--- Task 0 (LWF α=0.0000, SI λ=0.1976, ε=0.000075) ---
--- Task 1 (LWF α=0.0000, SI λ=0.1976, ε=0.000075) ---
--- Task 2 (LWF α=0.0000, SI λ=0.1976, ε=0.000075) ---
Trial  9: λ=[0.1976,0.1976,0.1976], ε=0.000075 → MAEs=[0.0523,0.0186,0.0183], Avg=0.0298
[I 2025-08-04 04:02:47,236] Trial 9 finished with value: 0.029753295704722404 and parameters: {'lambda0': 0.19762189340280073, 'epsilon': 7.476312062252303e-05}. Best is trial 3 with value: 0.01788189820945263.
--- Task 0 (LWF α=0.0000, SI λ=6.8456, ε=0.002145) ---
--- Task 1 (LWF α=0.0000, SI λ=6.8456, ε=0.002145) ---
--- Task 2 (LWF α=0.0000, SI λ=6.8456, ε=0.002145) ---
Trial 10: λ=[6.8456,6.8456,6.8456], ε=0.002145 → MAEs=[0.0557,0.0194,0.0076], Avg=0.0276
[I 2025-08-04 05:44:40,496] Trial 10 finished with value: 0.027580680325627327 and parameters: {'lambda0': 6.8455702672729215, 'epsilon': 0.0021448185533726456}. Best is trial 3 with value: 0.01788189820945263.
--- Task 0 (LWF α=0.0000, SI λ=0.5920, ε=0.001891) ---
--- Task 1 (LWF α=0.0000, SI λ=0.5920, ε=0.001891) ---
--- Task 2 (LWF α=0.0000, SI λ=0.5920, ε=0.001891) ---
Trial 11: λ=[0.5920,0.5920,0.5920], ε=0.001891 → MAEs=[0.0202,0.0358,0.0167], Avg=0.0242
[I 2025-08-04 07:06:28,814] Trial 11 finished with value: 0.0242399200797081 and parameters: {'lambda0': 0.5919616605462201, 'epsilon': 0.001891482357327301}. Best is trial 3 with value: 0.01788189820945263.
--- Task 0 (LWF α=0.0000, SI λ=0.5802, ε=0.001583) ---
--- Task 1 (LWF α=0.0000, SI λ=0.5802, ε=0.001583) ---
--- Task 2 (LWF α=0.0000, SI λ=0.5802, ε=0.001583) ---
Trial 12: λ=[0.5802,0.5802,0.5802], ε=0.001583 → MAEs=[0.0189,0.0212,0.0236], Avg=0.0212
[I 2025-08-04 08:51:45,137] Trial 12 finished with value: 0.021237703040242195 and parameters: {'lambda0': 0.580236135262355, 'epsilon': 0.0015834160151554557}. Best is trial 3 with value: 0.01788189820945263.
--- Task 0 (LWF α=0.0000, SI λ=0.4383, ε=0.000150) ---
--- Task 1 (LWF α=0.0000, SI λ=0.4383, ε=0.000150) ---
--- Task 2 (LWF α=0.0000, SI λ=0.4383, ε=0.000150) ---
Trial 13: λ=[0.4383,0.4383,0.4383], ε=0.000150 → MAEs=[0.1519,0.1558,0.0161], Avg=0.1079
[I 2025-08-04 10:55:23,299] Trial 13 finished with value: 0.10791719704866409 and parameters: {'lambda0': 0.43833231924430044, 'epsilon': 0.00015043838978395774}. Best is trial 3 with value: 0.01788189820945263.
--- Task 0 (LWF α=0.0000, SI λ=1.7139, ε=0.000011) ---
--- Task 1 (LWF α=0.0000, SI λ=1.7139, ε=0.000011) ---
--- Task 2 (LWF α=0.0000, SI λ=1.7139, ε=0.000011) ---
Trial 14: λ=[1.7139,1.7139,1.7139], ε=0.000011 → MAEs=[0.0837,0.0778,0.0082], Avg=0.0566
[I 2025-08-04 12:40:16,014] Trial 14 finished with value: 0.05656552314758301 and parameters: {'lambda0': 1.7138890273524043, 'epsilon': 1.095292710677685e-05}. Best is trial 3 with value: 0.01788189820945263.
--- Task 0 (LWF α=0.0000, SI λ=0.0581, ε=0.004068) ---
--- Task 1 (LWF α=0.0000, SI λ=0.0581, ε=0.004068) ---
--- Task 2 (LWF α=0.0000, SI λ=0.0581, ε=0.004068) ---
Trial 15: λ=[0.0581,0.0581,0.0581], ε=0.004068 → MAEs=[0.0794,0.0338,0.0178], Avg=0.0437
[I 2025-08-04 14:34:48,538] Trial 15 finished with value: 0.04368937388062477 and parameters: {'lambda0': 0.05808099735190645, 'epsilon': 0.00406786241776069}. Best is trial 3 with value: 0.01788189820945263.
--- Task 0 (LWF α=0.0000, SI λ=0.0118, ε=0.000781) ---
--- Task 1 (LWF α=0.0000, SI λ=0.0118, ε=0.000781) ---
--- Task 2 (LWF α=0.0000, SI λ=0.0118, ε=0.000781) ---
Trial 16: λ=[0.0118,0.0118,0.0118], ε=0.000781 → MAEs=[0.0813,0.1042,0.0145], Avg=0.0667
[I 2025-08-04 16:14:23,856] Trial 16 finished with value: 0.06667530536651611 and parameters: {'lambda0': 0.011759422175118411, 'epsilon': 0.0007809508463636586}. Best is trial 3 with value: 0.01788189820945263.
--- Task 0 (LWF α=0.0000, SI λ=0.2619, ε=0.003082) ---
--- Task 1 (LWF α=0.0000, SI λ=0.2619, ε=0.003082) ---
--- Task 2 (LWF α=0.0000, SI λ=0.2619, ε=0.003082) ---
Trial 17: λ=[0.2619,0.2619,0.2619], ε=0.003082 → MAEs=[0.0150,0.1171,0.0132], Avg=0.0484
[I 2025-08-04 18:45:32,735] Trial 17 finished with value: 0.04841674491763115 and parameters: {'lambda0': 0.26190393283008917, 'epsilon': 0.0030821048899197625}. Best is trial 3 with value: 0.01788189820945263.
--- Task 0 (LWF α=0.0000, SI λ=1.1740, ε=0.000975) ---
--- Task 1 (LWF α=0.0000, SI λ=1.1740, ε=0.000975) ---
--- Task 2 (LWF α=0.0000, SI λ=1.1740, ε=0.000975) ---
Trial 18: λ=[1.1740,1.1740,1.1740], ε=0.000975 → MAEs=[0.0146,0.0721,0.0133], Avg=0.0333
[I 2025-08-04 20:59:39,699] Trial 18 finished with value: 0.033345047384500504 and parameters: {'lambda0': 1.1740085777673122, 'epsilon': 0.0009749013691302959}. Best is trial 3 with value: 0.01788189820945263.
--- Task 0 (LWF α=0.0000, SI λ=4.5594, ε=0.000268) ---
--- Task 1 (LWF α=0.0000, SI λ=4.5594, ε=0.000268) ---
--- Task 2 (LWF α=0.0000, SI λ=4.5594, ε=0.000268) ---
Trial 19: λ=[4.5594,4.5594,4.5594], ε=0.000268 → MAEs=[0.2130,0.0336,0.0223], Avg=0.0896
[I 2025-08-04 22:40:34,436] Trial 19 finished with value: 0.08964529633522034 and parameters: {'lambda0': 4.559407239021484, 'epsilon': 0.0002677210122393216}. Best is trial 3 with value: 0.01788189820945263.
--- Task 0 (LWF α=0.0000, SI λ=0.1222, ε=0.004347) ---
--- Task 1 (LWF α=0.0000, SI λ=0.1222, ε=0.004347) ---
--- Task 2 (LWF α=0.0000, SI λ=0.1222, ε=0.004347) ---
Trial 20: λ=[0.1222,0.1222,0.1222], ε=0.004347 → MAEs=[0.0456,0.1081,0.0093], Avg=0.0544
[I 2025-08-05 01:29:52,809] Trial 20 finished with value: 0.05435189604759216 and parameters: {'lambda0': 0.12223842901587077, 'epsilon': 0.004346774060595467}. Best is trial 3 with value: 0.01788189820945263.
--- Task 0 (LWF α=0.0000, SI λ=0.6718, ε=0.001332) ---
--- Task 1 (LWF α=0.0000, SI λ=0.6718, ε=0.001332) ---
--- Task 2 (LWF α=0.0000, SI λ=0.6718, ε=0.001332) ---
Trial 21: λ=[0.6718,0.6718,0.6718], ε=0.001332 → MAEs=[0.0326,0.0713,0.0088], Avg=0.0376
[I 2025-08-05 03:23:14,382] Trial 21 finished with value: 0.0376032218337059 and parameters: {'lambda0': 0.6717715238348039, 'epsilon': 0.0013315292307618303}. Best is trial 3 with value: 0.01788189820945263.
--- Task 0 (LWF α=0.0000, SI λ=0.9256, ε=0.000421) ---
--- Task 1 (LWF α=0.0000, SI λ=0.9256, ε=0.000421) ---
--- Task 2 (LWF α=0.0000, SI λ=0.9256, ε=0.000421) ---
Trial 22: λ=[0.9256,0.9256,0.9256], ε=0.000421 → MAEs=[0.0315,0.1154,0.0063], Avg=0.0511
[I 2025-08-05 05:58:03,222] Trial 22 finished with value: 0.05105423554778099 and parameters: {'lambda0': 0.9255770100679337, 'epsilon': 0.00042131204933262026}. Best is trial 3 with value: 0.01788189820945263.
--- Task 0 (LWF α=0.0000, SI λ=0.3330, ε=0.001610) ---
--- Task 1 (LWF α=0.0000, SI λ=0.3330, ε=0.001610) ---
--- Task 2 (LWF α=0.0000, SI λ=0.3330, ε=0.001610) ---
Trial 23: λ=[0.3330,0.3330,0.3330], ε=0.001610 → MAEs=[0.0125,0.0122,0.0160], Avg=0.0136
[I 2025-08-05 07:51:35,683] Trial 23 finished with value: 0.013557718135416508 and parameters: {'lambda0': 0.3329947688800971, 'epsilon': 0.0016100930675442698}. Best is trial 23 with value: 0.013557718135416508.
--- Task 0 (LWF α=0.0000, SI λ=0.3448, ε=0.009580) ---
--- Task 1 (LWF α=0.0000, SI λ=0.3448, ε=0.009580) ---
--- Task 2 (LWF α=0.0000, SI λ=0.3448, ε=0.009580) ---
Trial 24: λ=[0.3448,0.3448,0.3448], ε=0.009580 → MAEs=[0.0126,0.0284,0.0221], Avg=0.0210
[I 2025-08-05 10:25:09,231] Trial 24 finished with value: 0.020998366177082062 and parameters: {'lambda0': 0.3448440709541983, 'epsilon': 0.009580104976783216}. Best is trial 23 with value: 0.013557718135416508.
--- Task 0 (LWF α=0.0000, SI λ=0.2467, ε=0.008785) ---
--- Task 1 (LWF α=0.0000, SI λ=0.2467, ε=0.008785) ---
--- Task 2 (LWF α=0.0000, SI λ=0.2467, ε=0.008785) ---
Trial 25: λ=[0.2467,0.2467,0.2467], ε=0.008785 → MAEs=[0.0127,0.0997,0.0066], Avg=0.0397
[I 2025-08-05 14:08:22,711] Trial 25 finished with value: 0.039697181433439255 and parameters: {'lambda0': 0.24671597256892885, 'epsilon': 0.008785047353385107}. Best is trial 23 with value: 0.013557718135416508.
--- Task 0 (LWF α=0.0000, SI λ=0.3209, ε=0.004989) ---
--- Task 1 (LWF α=0.0000, SI λ=0.3209, ε=0.004989) ---
--- Task 2 (LWF α=0.0000, SI λ=0.3209, ε=0.004989) ---
Trial 26: λ=[0.3209,0.3209,0.3209], ε=0.004989 → MAEs=[0.0132,0.0916,0.0245], Avg=0.0431
[I 2025-08-05 16:25:04,930] Trial 26 finished with value: 0.04312987998127937 and parameters: {'lambda0': 0.32088709123694303, 'epsilon': 0.004988743324022604}. Best is trial 23 with value: 0.013557718135416508.
--- Task 0 (LWF α=0.0000, SI λ=0.0204, ε=0.009942) ---
--- Task 1 (LWF α=0.0000, SI λ=0.0204, ε=0.009942) ---
--- Task 2 (LWF α=0.0000, SI λ=0.0204, ε=0.009942) ---
Trial 27: λ=[0.0204,0.0204,0.0204], ε=0.009942 → MAEs=[0.0140,0.0217,0.0149], Avg=0.0168
[I 2025-08-05 18:05:34,597] Trial 27 finished with value: 0.016845880076289177 and parameters: {'lambda0': 0.020402357647842737, 'epsilon': 0.00994153577838724}. Best is trial 23 with value: 0.013557718135416508.
--- Task 0 (LWF α=0.0000, SI λ=0.0197, ε=0.002901) ---
--- Task 1 (LWF α=0.0000, SI λ=0.0197, ε=0.002901) ---
--- Task 2 (LWF α=0.0000, SI λ=0.0197, ε=0.002901) ---
Trial 28: λ=[0.0197,0.0197,0.0197], ε=0.002901 → MAEs=[0.0683,0.0927,0.0100], Avg=0.0570
[I 2025-08-05 20:15:21,851] Trial 28 finished with value: 0.056973155587911606 and parameters: {'lambda0': 0.0197060559789741, 'epsilon': 0.002900594284082487}. Best is trial 23 with value: 0.013557718135416508.
--- Task 0 (LWF α=0.0000, SI λ=0.0563, ε=0.004992) ---
--- Task 1 (LWF α=0.0000, SI λ=0.0563, ε=0.004992) ---
--- Task 2 (LWF α=0.0000, SI λ=0.0563, ε=0.004992) ---
Trial 29: λ=[0.0563,0.0563,0.0563], ε=0.004992 → MAEs=[0.0243,0.0824,0.0128], Avg=0.0398
[I 2025-08-05 22:22:44,499] Trial 29 finished with value: 0.03983098268508911 and parameters: {'lambda0': 0.056331362631497385, 'epsilon': 0.00499231933846792}. Best is trial 23 with value: 0.013557718135416508.
--- Task 0 (LWF α=0.0000, SI λ=0.0229, ε=0.005911) ---
--- Task 1 (LWF α=0.0000, SI λ=0.0229, ε=0.005911) ---
--- Task 2 (LWF α=0.0000, SI λ=0.0229, ε=0.005911) ---
Trial 30: λ=[0.0229,0.0229,0.0229], ε=0.005911 → MAEs=[0.0307,0.0360,0.0212], Avg=0.0293
[I 2025-08-06 00:03:06,576] Trial 30 finished with value: 0.029295967891812325 and parameters: {'lambda0': 0.022905119723392136, 'epsilon': 0.0059105978726810724}. Best is trial 23 with value: 0.013557718135416508.
--- Task 0 (LWF α=0.0000, SI λ=0.1092, ε=0.009758) ---
--- Task 1 (LWF α=0.0000, SI λ=0.1092, ε=0.009758) ---
--- Task 2 (LWF α=0.0000, SI λ=0.1092, ε=0.009758) ---
Trial 31: λ=[0.1092,0.1092,0.1092], ε=0.009758 → MAEs=[0.1435,0.1426,0.0161], Avg=0.1007
[I 2025-08-06 02:01:26,066] Trial 31 finished with value: 0.10073355585336685 and parameters: {'lambda0': 0.10923600409011626, 'epsilon': 0.009758042956930654}. Best is trial 23 with value: 0.013557718135416508.
--- Task 0 (LWF α=0.0000, SI λ=0.0157, ε=0.002927) ---
--- Task 1 (LWF α=0.0000, SI λ=0.0157, ε=0.002927) ---
--- Task 2 (LWF α=0.0000, SI λ=0.0157, ε=0.002927) ---
Trial 32: λ=[0.0157,0.0157,0.0157], ε=0.002927 → MAEs=[0.0685,0.0327,0.0125], Avg=0.0379
[I 2025-08-06 03:24:14,223] Trial 32 finished with value: 0.037926655262708664 and parameters: {'lambda0': 0.015658703693737442, 'epsilon': 0.0029270178004129313}. Best is trial 23 with value: 0.013557718135416508.
--- Task 0 (LWF α=0.0000, SI λ=0.0418, ε=0.007491) ---
--- Task 1 (LWF α=0.0000, SI λ=0.0418, ε=0.007491) ---
--- Task 2 (LWF α=0.0000, SI λ=0.0418, ε=0.007491) ---
Trial 33: λ=[0.0418,0.0418,0.0418], ε=0.007491 → MAEs=[0.2652,0.1083,0.0116], Avg=0.1283
[I 2025-08-06 05:40:26,983] Trial 33 finished with value: 0.12832632660865784 and parameters: {'lambda0': 0.041804887898927674, 'epsilon': 0.007491347898449847}. Best is trial 23 with value: 0.013557718135416508.
--- Task 0 (LWF α=0.0000, SI λ=0.1902, ε=0.003071) ---
--- Task 1 (LWF α=0.0000, SI λ=0.1902, ε=0.003071) ---
--- Task 2 (LWF α=0.0000, SI λ=0.1902, ε=0.003071) ---
Trial 34: λ=[0.1902,0.1902,0.1902], ε=0.003071 → MAEs=[0.0119,0.0726,0.0123], Avg=0.0322
[I 2025-08-06 07:24:03,507] Trial 34 finished with value: 0.03224913403391838 and parameters: {'lambda0': 0.1901768913771908, 'epsilon': 0.0030709588550342096}. Best is trial 23 with value: 0.013557718135416508.
--- Task 0 (LWF α=0.0000, SI λ=0.3882, ε=0.005754) ---
--- Task 1 (LWF α=0.0000, SI λ=0.3882, ε=0.005754) ---
--- Task 2 (LWF α=0.0000, SI λ=0.3882, ε=0.005754) ---
Trial 35: λ=[0.3882,0.3882,0.3882], ε=0.005754 → MAEs=[0.0122,0.0480,0.0105], Avg=0.0235
[I 2025-08-06 09:46:50,330] Trial 35 finished with value: 0.023528987541794777 and parameters: {'lambda0': 0.38819047006387786, 'epsilon': 0.0057543708548200975}. Best is trial 23 with value: 0.013557718135416508.
--- Task 0 (LWF α=0.0000, SI λ=0.0803, ε=0.009001) ---
--- Task 1 (LWF α=0.0000, SI λ=0.0803, ε=0.009001) ---
--- Task 2 (LWF α=0.0000, SI λ=0.0803, ε=0.009001) ---
Trial 36: λ=[0.0803,0.0803,0.0803], ε=0.009001 → MAEs=[0.0148,0.0603,0.0138], Avg=0.0296
[I 2025-08-06 12:04:43,867] Trial 36 finished with value: 0.029640965163707733 and parameters: {'lambda0': 0.08029943487512729, 'epsilon': 0.009001493974481146}. Best is trial 23 with value: 0.013557718135416508.
--- Task 0 (LWF α=0.0000, SI λ=0.0102, ε=0.002228) ---
--- Task 1 (LWF α=0.0000, SI λ=0.0102, ε=0.002228) ---
--- Task 2 (LWF α=0.0000, SI λ=0.0102, ε=0.002228) ---
Trial 37: λ=[0.0102,0.0102,0.0102], ε=0.002228 → MAEs=[0.0196,0.1136,0.0055], Avg=0.0462
[I 2025-08-06 14:35:12,122] Trial 37 finished with value: 0.04619617387652397 and parameters: {'lambda0': 0.010184702082450642, 'epsilon': 0.002227633560254472}. Best is trial 23 with value: 0.013557718135416508.
--- Task 0 (LWF α=0.0000, SI λ=2.0822, ε=0.001018) ---
--- Task 1 (LWF α=0.0000, SI λ=2.0822, ε=0.001018) ---
--- Task 2 (LWF α=0.0000, SI λ=2.0822, ε=0.001018) ---
Trial 38: λ=[2.0822,2.0822,2.0822], ε=0.001018 → MAEs=[0.0562,0.1073,0.0082], Avg=0.0572
[I 2025-08-06 16:48:37,778] Trial 38 finished with value: 0.05724482610821724 and parameters: {'lambda0': 2.082172556458612, 'epsilon': 0.0010176002130984486}. Best is trial 23 with value: 0.013557718135416508.
--- Task 0 (LWF α=0.0000, SI λ=0.0259, ε=0.003793) ---
--- Task 1 (LWF α=0.0000, SI λ=0.0259, ε=0.003793) ---
--- Task 2 (LWF α=0.0000, SI λ=0.0259, ε=0.003793) ---
Trial 39: λ=[0.0259,0.0259,0.0259], ε=0.003793 → MAEs=[0.1641,0.0302,0.0178], Avg=0.0707
[I 2025-08-06 18:16:42,216] Trial 39 finished with value: 0.07068391889333725 and parameters: {'lambda0': 0.02587020011893791, 'epsilon': 0.0037927099025923754}. Best is trial 23 with value: 0.013557718135416508.
--- Task 0 (LWF α=0.0000, SI λ=0.1844, ε=0.006552) ---
--- Task 1 (LWF α=0.0000, SI λ=0.1844, ε=0.006552) ---
--- Task 2 (LWF α=0.0000, SI λ=0.1844, ε=0.006552) ---
Trial 40: λ=[0.1844,0.1844,0.1844], ε=0.006552 → MAEs=[0.0188,0.0509,0.0180], Avg=0.0293
[I 2025-08-06 20:17:38,468] Trial 40 finished with value: 0.029252061620354652 and parameters: {'lambda0': 0.18435327318845698, 'epsilon': 0.0065519628823074464}. Best is trial 23 with value: 0.013557718135416508.
--- Task 0 (LWF α=0.0000, SI λ=0.5379, ε=0.002018) ---
--- Task 1 (LWF α=0.0000, SI λ=0.5379, ε=0.002018) ---
--- Task 2 (LWF α=0.0000, SI λ=0.5379, ε=0.002018) ---
Trial 41: λ=[0.5379,0.5379,0.5379], ε=0.002018 → MAEs=[0.0587,0.1237,0.0100], Avg=0.0642
[I 2025-08-06 22:10:59,288] Trial 41 finished with value: 0.06415791064500809 and parameters: {'lambda0': 0.5379381559698359, 'epsilon': 0.0020175997333124075}. Best is trial 23 with value: 0.013557718135416508.
--- Task 0 (LWF α=0.0000, SI λ=1.0375, ε=0.001564) ---
--- Task 1 (LWF α=0.0000, SI λ=1.0375, ε=0.001564) ---
--- Task 2 (LWF α=0.0000, SI λ=1.0375, ε=0.001564) ---
Trial 42: λ=[1.0375,1.0375,1.0375], ε=0.001564 → MAEs=[0.0167,0.0971,0.0090], Avg=0.0409
[I 2025-08-06 23:42:57,626] Trial 42 finished with value: 0.04094861075282097 and parameters: {'lambda0': 1.0375092339735195, 'epsilon': 0.0015636162797650855}. Best is trial 23 with value: 0.013557718135416508.
--- Task 0 (LWF α=0.0000, SI λ=0.7371, ε=0.000484) ---
--- Task 1 (LWF α=0.0000, SI λ=0.7371, ε=0.000484) ---
--- Task 2 (LWF α=0.0000, SI λ=0.7371, ε=0.000484) ---
Trial 43: λ=[0.7371,0.7371,0.7371], ε=0.000484 → MAEs=[0.0242,0.0771,0.0173], Avg=0.0395
[I 2025-08-07 02:06:05,508] Trial 43 finished with value: 0.03953911364078522 and parameters: {'lambda0': 0.7371142334567317, 'epsilon': 0.0004842016009062037}. Best is trial 23 with value: 0.013557718135416508.
--- Task 0 (LWF α=0.0000, SI λ=0.3965, ε=0.006464) ---
--- Task 1 (LWF α=0.0000, SI λ=0.3965, ε=0.006464) ---
--- Task 2 (LWF α=0.0000, SI λ=0.3965, ε=0.006464) ---
Trial 44: λ=[0.3965,0.3965,0.3965], ε=0.006464 → MAEs=[0.1439,0.1420,0.0054], Avg=0.0971
[I 2025-08-07 04:15:53,677] Trial 44 finished with value: 0.09713440388441086 and parameters: {'lambda0': 0.3965430271838507, 'epsilon': 0.0064636616633356085}. Best is trial 23 with value: 0.013557718135416508.
--- Task 0 (LWF α=0.0000, SI λ=0.1590, ε=0.000678) ---
--- Task 1 (LWF α=0.0000, SI λ=0.1590, ε=0.000678) ---
--- Task 2 (LWF α=0.0000, SI λ=0.1590, ε=0.000678) ---
Trial 45: λ=[0.1590,0.1590,0.1590], ε=0.000678 → MAEs=[0.0141,0.0585,0.0121], Avg=0.0282
