[I 2025-08-09 16:08:42,666] Trial 24 finished with value: 0.031378183513879776 and parameters: {'lambda0': 0.020252438964921935, 'epsilon': 0.01919021861029622}. Best is trial 14 with value: 0.01362389326095581.
Inncremental_datasets:  {'task0_train_ids': ['03', '27', '05', '21', '11'], 'task0_val_ids': ['01'], 'task1_train_ids': ['09', '29', '25'], 'task1_val_ids': ['19'], 'task2_train_ids': ['15', '07', '23'], 'task2_val_ids': ['13'], 'test_id': '17'}
--- Task 0 (LWF α=0.0000, SI λ=0.2062, ε=0.008301) ---
[Trial 25] Task0 ratio = 0.00%  (λ=0.206)
--- Task 1 (LWF α=0.0000, SI λ=0.2062, ε=0.008301) ---
[Trial 25] Task1 ratio = 2200509.72%  (λ=0.206)
--- Task 2 (LWF α=0.0000, SI λ=0.2062, ε=0.008301) ---
[Trial 25] Task2 ratio = 34224420.14%  (λ=0.206)
Trial 25: λ=[0.2062,0.2062,0.2062], ε=0.008301 → MAEs=[0.0146,0.0055,0.0133], Avg=0.0112
[I 2025-08-09 19:44:21,311] Trial 25 finished with value: 0.011159227229654789 and parameters: {'lambda0': 0.20624835931819063, 'epsilon': 0.008300526070770448}. Best is trial 25 with value: 0.011159227229654789.
Inncremental_datasets:  {'task0_train_ids': ['03', '27', '05', '21', '11'], 'task0_val_ids': ['01'], 'task1_train_ids': ['09', '29', '25'], 'task1_val_ids': ['19'], 'task2_train_ids': ['15', '07', '23'], 'task2_val_ids': ['13'], 'test_id': '17'}
--- Task 0 (LWF α=0.0000, SI λ=0.3095, ε=0.007475) ---
[Trial 26] Task0 ratio = 0.00%  (λ=0.31)
--- Task 1 (LWF α=0.0000, SI λ=0.3095, ε=0.007475) ---
[Trial 26] Task1 ratio = 2476143.58%  (λ=0.31)
--- Task 2 (LWF α=0.0000, SI λ=0.3095, ε=0.007475) ---
[Trial 26] Task2 ratio = 32430361.91%  (λ=0.31)
Trial 26: λ=[0.3095,0.3095,0.3095], ε=0.007475 → MAEs=[0.0141,0.0142,0.0148], Avg=0.0144
[I 2025-08-09 21:56:15,359] Trial 26 finished with value: 0.014375638216733932 and parameters: {'lambda0': 0.30952090692393486, 'epsilon': 0.0074754454133830585}. Best is trial 25 with value: 0.011159227229654789.
Inncremental_datasets:  {'task0_train_ids': ['03', '27', '05', '21', '11'], 'task0_val_ids': ['01'], 'task1_train_ids': ['09', '29', '25'], 'task1_val_ids': ['19'], 'task2_train_ids': ['15', '07', '23'], 'task2_val_ids': ['13'], 'test_id': '17'}
--- Task 0 (LWF α=0.0000, SI λ=0.2977, ε=0.008553) ---
[Trial 27] Task0 ratio = 0.00%  (λ=0.298)
--- Task 1 (LWF α=0.0000, SI λ=0.2977, ε=0.008553) ---
[Trial 27] Task1 ratio = 2695416.97%  (λ=0.298)
--- Task 2 (LWF α=0.0000, SI λ=0.2977, ε=0.008553) ---
[Trial 27] Task2 ratio = 67711206.81%  (λ=0.298)
Trial 27: λ=[0.2977,0.2977,0.2977], ε=0.008553 → MAEs=[0.0197,0.0299,0.0098], Avg=0.0198
[I 2025-08-09 23:53:40,378] Trial 27 finished with value: 0.0197860486805439 and parameters: {'lambda0': 0.29774914640275263, 'epsilon': 0.008552680286532416}. Best is trial 25 with value: 0.011159227229654789.
Inncremental_datasets:  {'task0_train_ids': ['03', '27', '05', '21', '11'], 'task0_val_ids': ['01'], 'task1_train_ids': ['09', '29', '25'], 'task1_val_ids': ['19'], 'task2_train_ids': ['15', '07', '23'], 'task2_val_ids': ['13'], 'test_id': '17'}
--- Task 0 (LWF α=0.0000, SI λ=3.1806, ε=0.014919) ---
[Trial 28] Task0 ratio = 0.00%  (λ=3.18)
--- Task 1 (LWF α=0.0000, SI λ=3.1806, ε=0.014919) ---
[Trial 28] Task1 ratio = 176289039.23%  (λ=3.18)
--- Task 2 (LWF α=0.0000, SI λ=3.1806, ε=0.014919) ---
[Trial 28] Task2 ratio = 269641319.13%  (λ=3.18)
Trial 28: λ=[3.1806,3.1806,3.1806], ε=0.014919 → MAEs=[0.0946,0.0362,0.0055], Avg=0.0454
[I 2025-08-10 01:58:21,140] Trial 28 finished with value: 0.0454123318195343 and parameters: {'lambda0': 3.1805519723096096, 'epsilon': 0.014918905042424681}. Best is trial 25 with value: 0.011159227229654789.
Inncremental_datasets:  {'task0_train_ids': ['03', '27', '05', '21', '11'], 'task0_val_ids': ['01'], 'task1_train_ids': ['09', '29', '25'], 'task1_val_ids': ['19'], 'task2_train_ids': ['15', '07', '23'], 'task2_val_ids': ['13'], 'test_id': '17'}
--- Task 0 (LWF α=0.0000, SI λ=0.5160, ε=0.036105) ---
[Trial 29] Task0 ratio = 0.00%  (λ=0.516)
--- Task 1 (LWF α=0.0000, SI λ=0.5160, ε=0.036105) ---
[Trial 29] Task1 ratio = 3828767.77%  (λ=0.516)
--- Task 2 (LWF α=0.0000, SI λ=0.5160, ε=0.036105) ---
[Trial 29] Task2 ratio = 50217790.16%  (λ=0.516)
Trial 29: λ=[0.5160,0.5160,0.5160], ε=0.036105 → MAEs=[0.0490,0.0131,0.0248], Avg=0.0290
[I 2025-08-10 04:42:53,358] Trial 29 finished with value: 0.028965989127755165 and parameters: {'lambda0': 0.5159745525500146, 'epsilon': 0.036104826001814146}. Best is trial 25 with value: 0.011159227229654789.

==================================================
SI OPTIMIZATION COMPLETED!
==================================================
Best Validation MAE: 0.011159
Best Parameters:
  lambda0: 0.206248
  epsilon: 0.008301
Completed trials: 30
==================================================

Final Best MAE: 0.011159
  lambda0: 0.206248
  epsilon: 0.008301
