[INFO] Device: cuda:0
[INFO] Workspace: /beegfs/home/users/z/zzhuqshun/Thesis/05_Final/3inputs/optuna_search-no-pruner
[INFO] Loading & caching data …
[INFO] Data cached.
[INFO] Training base task …
[INFO] Base task finished → optuna_search-no-pruner/base_checkpoints/task0_best.pt
[I 2025-07-19 10:20:27,786] Trial 0 finished with value: 0.05783969163894653 and parameters: {'lambda0': 503.92579190089526, 'lambda1': 250.7575771405258, 'alpha1': 0.9010236001779337, 'alpha2': 1.2758398321450135}. Best is trial 0 with value: 0.05783969163894653.
[I 2025-07-19 11:21:05,089] Trial 1 finished with value: 0.02980363368988037 and parameters: {'lambda0': 2236.5427593941486, 'lambda1': 45.99850567041929, 'alpha1': 0.39373124489344313, 'alpha2': 0.15026792771866004}. Best is trial 1 with value: 0.02980363368988037.
[I 2025-07-19 11:51:37,467] Trial 2 finished with value: 0.053723882883787155 and parameters: {'lambda0': 3464.7544855848314, 'lambda1': 1115.110379034792, 'alpha1': 1.367645861511918, 'alpha2': 1.6865643191235975}. Best is trial 1 with value: 0.02980363368988037.
[I 2025-07-19 12:31:18,154] Trial 3 finished with value: 0.04721260070800781 and parameters: {'lambda0': 1050.81311771896, 'lambda1': 74.42760907851105, 'alpha1': 1.3747751837266073, 'alpha2': 0.8982793281116048}. Best is trial 1 with value: 0.02980363368988037.
[I 2025-07-19 13:21:07,933] Trial 4 finished with value: 0.06565871089696884 and parameters: {'lambda0': 101.89001073358848, 'lambda1': 216.95278397505612, 'alpha1': 1.6323693492068874, 'alpha2': 0.005009321702898806}. Best is trial 1 with value: 0.02980363368988037.
[I 2025-07-19 14:52:24,113] Trial 5 finished with value: 0.04793978109955788 and parameters: {'lambda0': 4138.075680210594, 'lambda1': 145.09280067150743, 'alpha1': 1.1995372579669017, 'alpha2': 0.5662980754354023}. Best is trial 1 with value: 0.02980363368988037.
[I 2025-07-19 15:43:24,876] Trial 6 finished with value: 0.04296638071537018 and parameters: {'lambda0': 12.111170870882564, 'lambda1': 1774.2803978660113, 'alpha1': 0.6146696845215576, 'alpha2': 0.34316469317908327}. Best is trial 1 with value: 0.02980363368988037.
[I 2025-07-19 16:39:02,605] Trial 7 finished with value: 0.02738708257675171 and parameters: {'lambda0': 28.68469834467899, 'lambda1': 5729.911783926728, 'alpha1': 1.442604438665668, 'alpha2': 1.6520703438931246}. Best is trial 7 with value: 0.02738708257675171.
[I 2025-07-19 17:21:31,720] Trial 8 finished with value: 0.049663931131362915 and parameters: {'lambda0': 73.04201544465984, 'lambda1': 155.3561065682571, 'alpha1': 1.2819339800778509, 'alpha2': 0.42045214616682247}. Best is trial 7 with value: 0.02738708257675171.
[I 2025-07-19 18:04:07,567] Trial 9 finished with value: 0.030818447470664978 and parameters: {'lambda0': 2747.6097940573586, 'lambda1': 686.777781755081, 'alpha1': 1.8100965356891148, 'alpha2': 1.0477907700018962}. Best is trial 7 with value: 0.02738708257675171.
[I 2025-07-19 18:52:02,655] Trial 10 finished with value: 0.05337485671043396 and parameters: {'lambda0': 16.14440573116013, 'lambda1': 9058.053018663702, 'alpha1': 1.9692670741913363, 'alpha2': 1.9047437707454717}. Best is trial 7 with value: 0.02738708257675171.
[I 2025-07-19 19:27:44,411] Trial 11 finished with value: 0.043994393199682236 and parameters: {'lambda0': 121.64785975289519, 'lambda1': 13.553741444175495, 'alpha1': 0.12854898601543135, 'alpha2': 1.4976010878627493}. Best is trial 7 with value: 0.02738708257675171.
[I 2025-07-19 20:00:39,928] Trial 12 finished with value: 0.04297409579157829 and parameters: {'lambda0': 906.6987317022849, 'lambda1': 33.1613556642608, 'alpha1': 0.02388674237960897, 'alpha2': 1.9982548170710537}. Best is trial 7 with value: 0.02738708257675171.
[I 2025-07-19 20:32:34,482] Trial 13 finished with value: 0.06379950791597366 and parameters: {'lambda0': 9980.366822160626, 'lambda1': 9371.805630672137, 'alpha1': 0.481775773215821, 'alpha2': 0.013484195954007183}. Best is trial 7 with value: 0.02738708257675171.
[I 2025-07-19 21:09:27,999] Trial 14 finished with value: 0.027982430532574654 and parameters: {'lambda0': 41.48636064506085, 'lambda1': 2553.624388517031, 'alpha1': 0.7871700749509369, 'alpha2': 0.7800025249110151}. Best is trial 7 with value: 0.02738708257675171.
[I 2025-07-19 21:51:40,474] Trial 15 finished with value: 0.04710673168301582 and parameters: {'lambda0': 35.01978882425199, 'lambda1': 3386.635173178202, 'alpha1': 0.9466556075154977, 'alpha2': 0.7860486847668335}. Best is trial 7 with value: 0.02738708257675171.
[I 2025-07-19 22:31:35,477] Trial 16 finished with value: 0.030980980023741722 and parameters: {'lambda0': 35.223783416196085, 'lambda1': 3240.8687039218817, 'alpha1': 0.8343540710224606, 'alpha2': 1.2540375973745594}. Best is trial 7 with value: 0.02738708257675171.
[I 2025-07-19 23:10:42,129] Trial 17 finished with value: 0.01544104516506195 and parameters: {'lambda0': 215.95446197298435, 'lambda1': 588.671303985778, 'alpha1': 1.5967913830605263, 'alpha2': 0.7224937140102906}. Best is trial 17 with value: 0.01544104516506195.
[I 2025-07-19 23:47:09,457] Trial 18 finished with value: 0.04295416548848152 and parameters: {'lambda0': 239.08527177409465, 'lambda1': 573.363634397669, 'alpha1': 1.60696013822323, 'alpha2': 1.1756107953045034}. Best is trial 17 with value: 0.01544104516506195.
[I 2025-07-20 00:35:11,811] Trial 19 finished with value: 0.04485642910003662 and parameters: {'lambda0': 241.95573688994594, 'lambda1': 536.7168181448435, 'alpha1': 1.6025619162127511, 'alpha2': 1.5525421535022006}. Best is trial 17 with value: 0.01544104516506195.
[I 2025-07-20 01:09:51,657] Trial 20 finished with value: 0.02240350842475891 and parameters: {'lambda0': 509.94772712934844, 'lambda1': 4732.274292379958, 'alpha1': 1.1397676649990292, 'alpha2': 0.6821478113367874}. Best is trial 17 with value: 0.01544104516506195.
[I 2025-07-20 01:55:21,043] Trial 21 finished with value: 0.05075450614094734 and parameters: {'lambda0': 494.57507050332947, 'lambda1': 5364.126480354128, 'alpha1': 1.1326619888957419, 'alpha2': 0.6253521858827912}. Best is trial 17 with value: 0.01544104516506195.
[I 2025-07-20 02:56:15,322] Trial 22 finished with value: 0.04757961258292198 and parameters: {'lambda0': 176.7193598297775, 'lambda1': 1242.7001552142253, 'alpha1': 1.4896939715461428, 'alpha2': 0.9722486198455629}. Best is trial 17 with value: 0.01544104516506195.
[I 2025-07-20 03:39:40,439] Trial 23 finished with value: 0.040748246014118195 and parameters: {'lambda0': 465.45127437377334, 'lambda1': 5082.792989175217, 'alpha1': 1.0863937056336161, 'alpha2': 0.6406172065951827}. Best is trial 17 with value: 0.01544104516506195.
[I 2025-07-20 04:18:00,240] Trial 24 finished with value: 0.029081039130687714 and parameters: {'lambda0': 62.4334239003022, 'lambda1': 1342.2788651459593, 'alpha1': 1.8216713037680925, 'alpha2': 0.43365135547581857}. Best is trial 17 with value: 0.01544104516506195.
[I 2025-07-20 04:54:04,773] Trial 25 finished with value: 0.04290967062115669 and parameters: {'lambda0': 21.517489052466786, 'lambda1': 5527.156662048872, 'alpha1': 1.4737514290179325, 'alpha2': 1.0926840557249495}. Best is trial 17 with value: 0.01544104516506195.
[I 2025-07-20 05:32:56,200] Trial 26 finished with value: 0.03762112930417061 and parameters: {'lambda0': 987.2060535639184, 'lambda1': 2379.8971210980894, 'alpha1': 1.7730092785311873, 'alpha2': 1.369607585222}. Best is trial 17 with value: 0.01544104516506195.
[I 2025-07-20 06:02:27,097] Trial 27 finished with value: 0.019036879763007164 and parameters: {'lambda0': 139.0204997696069, 'lambda1': 452.61931345716215, 'alpha1': 1.9911919163020906, 'alpha2': 0.8612134900575287}. Best is trial 17 with value: 0.01544104516506195.
[I 2025-07-20 06:33:18,445] Trial 28 finished with value: 0.03200249373912811 and parameters: {'lambda0': 137.65357620852095, 'lambda1': 787.7741316353975, 'alpha1': 1.884651371997936, 'alpha2': 0.8384157283450818}. Best is trial 17 with value: 0.01544104516506195.
[I 2025-07-20 07:05:29,174] Trial 29 finished with value: 0.030302708968520164 and parameters: {'lambda0': 354.78218612853686, 'lambda1': 289.25121577290383, 'alpha1': 1.9657222492119082, 'alpha2': 0.2705235158221876}. Best is trial 17 with value: 0.01544104516506195.
[I 2025-07-20 07:42:35,260] Trial 30 finished with value: 0.04393669590353966 and parameters: {'lambda0': 1341.770631815961, 'lambda1': 458.6436436090597, 'alpha1': 1.7223112205246374, 'alpha2': 0.541430830722533}. Best is trial 17 with value: 0.01544104516506195.
[I 2025-07-20 08:21:46,067] Trial 31 finished with value: 0.03178180009126663 and parameters: {'lambda0': 600.5897389899063, 'lambda1': 391.2007942081431, 'alpha1': 1.4483619379603427, 'alpha2': 0.7252669860334429}. Best is trial 17 with value: 0.01544104516506195.
[I 2025-07-20 08:57:57,503] Trial 32 finished with value: 0.019519073888659477 and parameters: {'lambda0': 68.25129528393543, 'lambda1': 4417.508778730355, 'alpha1': 1.2772778243745506, 'alpha2': 0.94490320491719}. Best is trial 17 with value: 0.01544104516506195.
[I 2025-07-20 09:45:08,300] Trial 33 finished with value: 0.026913829147815704 and parameters: {'lambda0': 78.54195154509104, 'lambda1': 914.0997250789668, 'alpha1': 1.225192246735127, 'alpha2': 0.9557297526342903}. Best is trial 17 with value: 0.01544104516506195.
[I 2025-07-20 10:18:22,545] Trial 34 finished with value: 0.027593418955802917 and parameters: {'lambda0': 185.51295498614803, 'lambda1': 81.30163548844328, 'alpha1': 1.0063133740618835, 'alpha2': 0.6955958750467663}. Best is trial 17 with value: 0.01544104516506195.
[I 2025-07-20 11:00:40,371] Trial 35 finished with value: 0.028327323496341705 and parameters: {'lambda0': 55.50807709451998, 'lambda1': 1823.363685607605, 'alpha1': 1.3498067779187168, 'alpha2': 0.8925954576279284}. Best is trial 17 with value: 0.01544104516506195.
[I 2025-07-20 11:36:32,628] Trial 36 finished with value: 0.022953607141971588 and parameters: {'lambda0': 309.51080143655884, 'lambda1': 127.96990611533369, 'alpha1': 1.0915110142663638, 'alpha2': 1.0835680005371129}. Best is trial 17 with value: 0.01544104516506195.
[I 2025-07-20 12:03:23,251] Trial 37 finished with value: 0.025729598477482796 and parameters: {'lambda0': 104.98513330413188, 'lambda1': 198.16281892237038, 'alpha1': 1.671217309979077, 'alpha2': 0.4970154977427293}. Best is trial 17 with value: 0.01544104516506195.
[I 2025-07-20 12:36:48,829] Trial 38 finished with value: 0.030581584200263023 and parameters: {'lambda0': 1408.2513043536578, 'lambda1': 346.68140886450243, 'alpha1': 1.5694936851123895, 'alpha2': 0.901050155332889}. Best is trial 17 with value: 0.01544104516506195.
[I 2025-07-20 13:15:48,448] Trial 39 finished with value: 0.04381685331463814 and parameters: {'lambda0': 744.6294493363903, 'lambda1': 3704.4830484024765, 'alpha1': 1.2908359007474794, 'alpha2': 0.2228643116918934}. Best is trial 17 with value: 0.01544104516506195.
[I 2025-07-20 14:00:08,319] Trial 40 finished with value: 0.02457108162343502 and parameters: {'lambda0': 334.5952951144714, 'lambda1': 1779.2253546495401, 'alpha1': 0.7189524073359672, 'alpha2': 1.1763664121517743}. Best is trial 17 with value: 0.01544104516506195.
[I 2025-07-20 14:33:06,823] Trial 41 finished with value: 0.027554454281926155 and parameters: {'lambda0': 248.4069068074647, 'lambda1': 99.694258463673, 'alpha1': 1.1143142596539632, 'alpha2': 1.0804892194361992}. Best is trial 17 with value: 0.01544104516506195.
[I 2025-07-20 15:25:03,565] Trial 42 finished with value: 0.04330846294760704 and parameters: {'lambda0': 151.7049387512341, 'lambda1': 36.63574744695602, 'alpha1': 1.0123391281884695, 'alpha2': 1.3974713429697516}. Best is trial 17 with value: 0.01544104516506195.
[I 2025-07-20 15:54:31,091] Trial 43 finished with value: 0.02476404421031475 and parameters: {'lambda0': 385.70993282776953, 'lambda1': 104.79779037445942, 'alpha1': 1.1754656993564663, 'alpha2': 1.0182363527154408}. Best is trial 17 with value: 0.01544104516506195.
[I 2025-07-20 16:36:28,741] Trial 44 finished with value: 0.03333979472517967 and parameters: {'lambda0': 91.77657863927844, 'lambda1': 51.63219723775632, 'alpha1': 1.3309700620913703, 'alpha2': 0.8274969192919451}. Best is trial 17 with value: 0.01544104516506195.
[I 2025-07-20 17:16:13,414] Trial 45 finished with value: 0.03484378382563591 and parameters: {'lambda0': 204.243781475395, 'lambda1': 203.53228834107085, 'alpha1': 0.9078434188779445, 'alpha2': 1.1751408532756848}. Best is trial 17 with value: 0.01544104516506195.
[I 2025-07-20 17:50:20,998] Trial 46 finished with value: 0.029800986871123314 and parameters: {'lambda0': 52.720212215702986, 'lambda1': 142.10913231706306, 'alpha1': 1.055703509302006, 'alpha2': 0.6113027393287765}. Best is trial 17 with value: 0.01544104516506195.
[I 2025-07-20 18:30:30,772] Trial 47 finished with value: 0.02457396872341633 and parameters: {'lambda0': 288.21169684510113, 'lambda1': 18.701559074291037, 'alpha1': 0.6009400965071645, 'alpha2': 0.6912042761192363}. Best is trial 17 with value: 0.01544104516506195.
[I 2025-07-20 19:00:19,279] Trial 48 finished with value: 0.06440513581037521 and parameters: {'lambda0': 620.8056525478253, 'lambda1': 7584.039305920252, 'alpha1': 1.2531837457507014, 'alpha2': 0.923502594877361}. Best is trial 17 with value: 0.01544104516506195.
[I 2025-07-20 19:36:01,755] Trial 49 finished with value: 0.045677825808525085 and parameters: {'lambda0': 134.70734945737118, 'lambda1': 52.961728632854914, 'alpha1': 1.3923790719292235, 'alpha2': 1.3061487264556024}. Best is trial 17 with value: 0.01544104516506195.

============================================================
OPTIMIZATION RESULTS
Best average MAE = 0.0154
  lambda0: 215.9545
  lambda1: 588.6713
  alpha1: 1.5968
  alpha2: 0.7225
Detailed MAE:
  Base    : 0.0135
  Update1 : 0.0153
  Update2 : 0.0175
============================================================

NodeName=gpu054 Arch=x86_64 CoresPerSocket=8 
   CPUAlloc=8 CPUEfctv=16 CPUTot=16 CPULoad=8.47
   AvailableFeatures=all,gpu,tesla_v100s
   ActiveFeatures=all,gpu,tesla_v100s
   Gres=gpu:v100s:2
   NodeAddr=gpu054 NodeHostName=gpu054 Version=22.05.8
   OS=Linux 6.1.0-16-amd64 #1 SMP PREEMPT_DYNAMIC Debian 6.1.67-1 (2023-12-12) 
   RealMemory=385540 AllocMem=25600 FreeMem=162809 Sockets=2 Boards=1
   MemSpecLimit=2048
   State=MIXED ThreadsPerCore=1 TmpDisk=0 Weight=1 Owner=N/A MCS_label=N/A
   Partitions=ex_scioi_gpu,scioi_gpu 
   BootTime=2025-01-10T15:13:02 SlurmdStartTime=2025-03-17T15:58:45
   LastBusyTime=2025-07-21T09:55:13
   CfgTRES=cpu=16,mem=385540M,billing=6,gres/gpu=2
   AllocTRES=cpu=8,mem=25G,gres/gpu=1
   CapWatts=n/a
   CurrentWatts=0 AveWatts=0
   ExtSensorsJoules=n/s ExtSensorsWatts=0 ExtSensorsTemp=n/s