number,value,datetime_start,datetime_complete,duration,params_dropout,params_hidden_size,params_num_layers,params_seq_length,params_weight_decay,state
0,0.005295457676389942,2025-07-08 19:00:13.730981,2025-07-08 19:13:45.713486,0 days 00:13:31.982505,0.2,64,5,144,0.0001,COMPLETE
1,0.003147625481788557,2025-07-08 19:13:45.733592,2025-07-08 19:23:03.316963,0 days 00:09:17.583371,0.1,128,3,432,1e-05,COMPLETE
2,0.003975302054038055,2025-07-08 19:23:03.335455,2025-07-08 19:28:25.587000,0 days 00:05:22.251545,0.0,64,3,576,1e-06,COMPLETE
3,0.004525191574781668,2025-07-08 19:28:25.604840,2025-07-08 19:32:13.538349,0 days 00:03:47.933509,0.5,128,2,720,0.0,COMPLETE
4,0.010976259935540444,2025-07-08 19:32:13.561424,2025-07-08 19:53:46.651357,0 days 00:21:33.089933,0.1,32,2,144,0.0,COMPLETE
5,0.004914913772842138,2025-07-08 19:53:46.726459,2025-07-08 20:02:06.771033,0 days 00:08:20.044574,0.3,128,5,864,1e-06,COMPLETE
6,0.00364903684783592,2025-07-08 20:02:06.817090,2025-07-08 20:15:53.905436,0 days 00:13:47.088346,0.1,128,5,432,0.0,COMPLETE
7,0.005142127800715981,2025-07-08 20:15:53.933332,2025-07-08 20:25:35.721940,0 days 00:09:41.788608,0.5,128,5,576,1e-05,COMPLETE
8,0.0036740272288150054,2025-07-08 20:25:35.747611,2025-07-08 20:36:49.011306,0 days 00:11:13.263695,0.0,128,2,288,1e-05,COMPLETE
9,0.005281882980097287,2025-07-08 20:36:49.031474,2025-07-08 20:39:59.444279,0 days 00:03:10.412805,0.5,32,5,432,1e-06,COMPLETE
10,0.004424395482826746,2025-07-08 20:39:59.461438,2025-07-08 21:10:02.788302,0 days 00:30:03.326864,0.4,256,3,1008,1e-05,COMPLETE
11,0.003824829310977574,2025-07-08 21:10:02.809955,2025-07-08 21:23:30.113212,0 days 00:13:27.303257,0.1,128,4,432,0.0,COMPLETE
12,0.003287571463403083,2025-07-08 21:23:30.125842,2025-07-08 21:53:25.447084,0 days 00:29:55.321242,0.1,256,3,432,0.0001,COMPLETE
13,0.003287571463403083,2025-07-08 21:53:25.464990,2025-07-08 22:22:39.570205,0 days 00:29:14.105215,0.1,256,3,432,0.0001,COMPLETE
14,0.003287571463403083,2025-07-08 22:22:39.588948,2025-07-08 22:52:52.773066,0 days 00:30:13.184118,0.1,256,3,432,0.0001,COMPLETE
15,0.004369832159001646,2025-07-08 22:52:52.793096,2025-07-08 23:18:51.320116,0 days 00:25:58.527020,0.2,256,3,864,0.0001,COMPLETE
16,0.005986318125212427,2025-07-08 23:18:51.340202,2025-07-08 23:34:29.922903,0 days 00:15:38.582701,0.4,256,4,1008,1e-05,COMPLETE
17,0.0054220661567895,2025-07-08 23:34:29.945986,2025-07-08 23:41:28.551278,0 days 00:06:58.605292,0.3,32,3,288,1e-05,COMPLETE
18,0.004735731316922666,2025-07-08 23:41:28.576433,2025-07-08 23:44:58.987566,0 days 00:03:30.411133,0.1,64,3,720,0.0001,COMPLETE
19,0.003287571463403083,2025-07-08 23:44:59.001898,2025-07-09 00:18:19.125992,0 days 00:33:20.124094,0.1,256,3,432,0.0001,COMPLETE
20,0.0031078361076015302,2025-07-09 00:18:19.152890,2025-07-09 00:31:24.796149,0 days 00:13:05.643259,0.1,128,4,432,1e-05,COMPLETE
21,0.0031078361076015302,2025-07-09 00:31:24.814927,2025-07-09 00:43:29.628588,0 days 00:12:04.813661,0.1,128,4,432,1e-05,COMPLETE
22,0.0031078361076015302,2025-07-09 00:43:29.651817,2025-07-09 00:55:34.619810,0 days 00:12:04.967993,0.1,128,4,432,1e-05,COMPLETE
23,0.0031078361076015302,2025-07-09 00:55:34.652884,2025-07-09 01:13:32.807984,0 days 00:17:58.155100,0.1,128,4,432,1e-05,COMPLETE
24,0.0031078361076015302,2025-07-09 01:13:32.836458,2025-07-09 01:25:34.511711,0 days 00:12:01.675253,0.1,128,4,432,1e-05,COMPLETE
25,0.0031868840019007943,2025-07-09 01:25:34.529215,2025-07-09 01:37:31.943338,0 days 00:11:57.414123,0.3,128,4,432,1e-05,COMPLETE
26,0.00407166310436883,2025-07-09 01:37:31.963887,2025-07-09 01:47:26.923867,0 days 00:09:54.959980,0.4,128,4,720,1e-05,COMPLETE
27,0.0038065550531265206,2025-07-09 01:47:26.936939,2025-07-09 02:36:14.543331,0 days 00:48:47.606392,0.0,128,4,144,1e-05,COMPLETE
28,0.003114595497067178,2025-07-09 02:36:14.566975,2025-07-09 02:55:12.761167,0 days 00:18:58.194192,0.2,128,4,288,1e-05,COMPLETE
29,0.004741797596265188,2025-07-09 02:55:12.810949,2025-07-09 02:58:45.697511,0 days 00:03:32.886562,0.2,64,4,576,1e-05,COMPLETE
30,0.004737157922886352,2025-07-09 02:58:45.725666,2025-07-09 03:09:33.474989,0 days 00:10:47.749323,0.1,128,4,1008,1e-05,COMPLETE
31,0.0031078361076015302,2025-07-09 03:09:33.500461,2025-07-09 03:21:19.724228,0 days 00:11:46.223767,0.1,128,4,432,1e-05,COMPLETE
32,0.0031078361076015302,2025-07-09 03:21:19.736640,2025-07-09 03:38:51.647207,0 days 00:17:31.910567,0.1,128,4,432,1e-05,COMPLETE
33,0.0031078361076015302,2025-07-09 03:38:51.693231,2025-07-09 03:50:46.859364,0 days 00:11:55.166133,0.1,128,4,432,1e-05,COMPLETE
34,0.0033170423352715905,2025-07-09 03:50:46.875225,2025-07-09 03:55:00.672884,0 days 00:04:13.797659,0.1,64,4,432,1e-06,COMPLETE
35,0.002289284589294931,2025-07-09 03:55:00.690125,2025-07-09 04:47:06.223906,0 days 00:52:05.533781,0.1,128,4,144,1e-05,COMPLETE
36,0.0020159154288284173,2025-07-09 04:47:06.244911,2025-07-09 05:27:00.959764,0 days 00:39:54.714853,0.0,32,2,144,1e-05,COMPLETE
37,0.0014382512022404238,2025-07-09 05:27:00.974042,2025-07-09 05:52:14.066454,0 days 00:25:13.092412,0.0,32,2,144,0.0,COMPLETE
38,0.0014382512022404238,2025-07-09 05:52:14.099376,2025-07-09 06:07:53.505369,0 days 00:15:39.405993,0.0,32,2,144,0.0,COMPLETE
39,0.0014382512022404238,2025-07-09 06:07:53.522897,2025-07-09 06:31:10.742521,0 days 00:23:17.219624,0.0,32,2,144,0.0,COMPLETE
40,0.0014382512022404238,2025-07-09 06:31:10.790012,2025-07-09 06:55:19.662166,0 days 00:24:08.872154,0.0,32,2,144,0.0,COMPLETE
41,0.0014382512022404238,2025-07-09 06:55:19.682476,2025-07-09 07:14:02.362526,0 days 00:18:42.680050,0.0,32,2,144,0.0,COMPLETE
42,0.0014382512022404238,2025-07-09 07:14:02.386712,2025-07-09 07:41:20.495163,0 days 00:27:18.108451,0.0,32,2,144,0.0,COMPLETE
43,0.0014382512022404238,2025-07-09 07:41:20.509533,2025-07-09 07:57:42.559557,0 days 00:16:22.050024,0.0,32,2,144,0.0,COMPLETE
44,0.0014382512022404238,2025-07-09 07:57:42.574093,2025-07-09 08:26:35.746233,0 days 00:28:53.172140,0.0,32,2,144,0.0,COMPLETE
45,0.0014382512022404238,2025-07-09 08:26:35.789602,2025-07-09 08:44:52.976034,0 days 00:18:17.186432,0.0,32,2,144,0.0,COMPLETE
46,0.0014382512022404238,2025-07-09 08:44:52.997104,2025-07-09 09:04:11.580735,0 days 00:19:18.583631,0.0,32,2,144,0.0,COMPLETE
47,0.0014382512022404238,2025-07-09 09:04:11.612971,2025-07-09 09:24:35.229793,0 days 00:20:23.616822,0.0,32,2,144,0.0,COMPLETE
48,0.0014382512022404238,2025-07-09 09:24:35.248628,2025-07-09 09:42:50.994195,0 days 00:18:15.745567,0.0,32,2,144,0.0,COMPLETE
49,0.004232977584703237,2025-07-09 09:42:51.030014,2025-07-09 09:50:58.883094,0 days 00:08:07.853080,0.0,32,2,864,0.0,COMPLETE
