[I 2024-11-14 15:16:25,427] Trial 47 finished with value: 0.09294087501055873 and parameters: {'input_chunk_length': 13, 'output_chunk_length': 8, 'batch_size': 32, 'num_blocks': 2, 'num_stacks': 2}. Best is trial 20 with value: 0.01928192179244312.
GPU available: True (cuda), used: True
TPU available: False, using: 0 TPU cores
HPU available: False, using: 0 HPUs
LOCAL_RANK: 0 - CUDA_VISIBLE_DEVICES: [0]

  | Name            | Type             | Params | Mode 
-------------------------------------------------------------
0 | criterion       | MSELoss          | 0      | train
1 | train_criterion | MSELoss          | 0      | train
2 | val_criterion   | MSELoss          | 0      | train
3 | train_metrics   | MetricCollection | 0      | train
4 | val_metrics     | MetricCollection | 0      | train
5 | stacks          | ModuleList       | 1.4 M  | train
-------------------------------------------------------------
1.4 M     Trainable params
1.9 K     Non-trainable params
1.4 M     Total params
5.413     Total estimated model params size (MB)
76        Modules in train mode
0         Modules in eval mode
SLURM auto-requeueing enabled. Setting signal handlers.
`Trainer.fit` stopped: `max_epochs=100` reached.
`predict()` was called with `n > output_chunk_length`: using auto-regression to forecast the values after `output_chunk_length` points. The model will access `(n - output_chunk_length)` future values of your `past_covariates` (relative to the first predicted time step). To hide this warning, set `show_warnings=False`.
GPU available: True (cuda), used: True
TPU available: False, using: 0 TPU cores
HPU available: False, using: 0 HPUs
LOCAL_RANK: 0 - CUDA_VISIBLE_DEVICES: [0]
SLURM auto-requeueing enabled. Setting signal handlers.
[I 2024-11-14 15:17:59,926] Trial 48 finished with value: 0.01316846205856151 and parameters: {'input_chunk_length': 24, 'output_chunk_length': 7, 'batch_size': 64, 'num_blocks': 3, 'num_stacks': 2}. Best is trial 48 with value: 0.01316846205856151.
GPU available: True (cuda), used: True
TPU available: False, using: 0 TPU cores
HPU available: False, using: 0 HPUs
LOCAL_RANK: 0 - CUDA_VISIBLE_DEVICES: [0]

  | Name            | Type             | Params | Mode 
-------------------------------------------------------------
0 | criterion       | MSELoss          | 0      | train
1 | train_criterion | MSELoss          | 0      | train
2 | val_criterion   | MSELoss          | 0      | train
3 | train_metrics   | MetricCollection | 0      | train
4 | val_metrics     | MetricCollection | 0      | train
5 | stacks          | ModuleList       | 1.4 M  | train
-------------------------------------------------------------
1.4 M     Trainable params
1.9 K     Non-trainable params
1.4 M     Total params
5.413     Total estimated model params size (MB)
76        Modules in train mode
0         Modules in eval mode
SLURM auto-requeueing enabled. Setting signal handlers.
`Trainer.fit` stopped: `max_epochs=100` reached.
`predict()` was called with `n > output_chunk_length`: using auto-regression to forecast the values after `output_chunk_length` points. The model will access `(n - output_chunk_length)` future values of your `past_covariates` (relative to the first predicted time step). To hide this warning, set `show_warnings=False`.
GPU available: True (cuda), used: True
TPU available: False, using: 0 TPU cores
HPU available: False, using: 0 HPUs
LOCAL_RANK: 0 - CUDA_VISIBLE_DEVICES: [0]
SLURM auto-requeueing enabled. Setting signal handlers.
[I 2024-11-14 15:19:34,742] Trial 49 finished with value: 0.01316846205856151 and parameters: {'input_chunk_length': 24, 'output_chunk_length': 7, 'batch_size': 64, 'num_blocks': 3, 'num_stacks': 2}. Best is trial 48 with value: 0.01316846205856151.
GPU available: True (cuda), used: True
TPU available: False, using: 0 TPU cores
HPU available: False, using: 0 HPUs
LOCAL_RANK: 0 - CUDA_VISIBLE_DEVICES: [0]

  | Name            | Type             | Params | Mode 
-------------------------------------------------------------
0 | criterion       | MSELoss          | 0      | train
1 | train_criterion | MSELoss          | 0      | train
2 | val_criterion   | MSELoss          | 0      | train
3 | train_metrics   | MetricCollection | 0      | train
4 | val_metrics     | MetricCollection | 0      | train
5 | stacks          | ModuleList       | 1.4 M  | train
-------------------------------------------------------------
1.4 M     Trainable params
1.9 K     Non-trainable params
1.4 M     Total params
5.413     Total estimated model params size (MB)
76        Modules in train mode
0         Modules in eval mode
SLURM auto-requeueing enabled. Setting signal handlers.
`Trainer.fit` stopped: `max_epochs=200` reached.
Traceback (most recent call last):
  File "model.py", line 115, in <module>
    best_model.save_model("best_nbeats_model.pth")
AttributeError: 'NBEATSModel' object has no attribute 'save_model'
