[I 2024-11-14 13:40:59,654] Trial 11 finished with value: 0.07355530250015292 and parameters: {'input_chunk_length': 15, 'output_chunk_length': 6, 'batch_size': 16, 'num_blocks': 2, 'num_stacks': 2}. Best is trial 7 with value: 0.020702073996952737.
GPU available: True (cuda), used: True
TPU available: False, using: 0 TPU cores
HPU available: False, using: 0 HPUs
LOCAL_RANK: 0 - CUDA_VISIBLE_DEVICES: [0]

  | Name            | Type             | Params | Mode 
-------------------------------------------------------------
0 | criterion       | MSELoss          | 0      | train
1 | train_criterion | MSELoss          | 0      | train
2 | val_criterion   | MSELoss          | 0      | train
3 | train_metrics   | MetricCollection | 0      | train
4 | val_metrics     | MetricCollection | 0      | train
5 | stacks          | ModuleList       | 1.3 M  | train
-------------------------------------------------------------
1.3 M     Trainable params
1.6 K     Non-trainable params
1.3 M     Total params
5.111     Total estimated model params size (MB)
76        Modules in train mode
0         Modules in eval mode
SLURM auto-requeueing enabled. Setting signal handlers.
`Trainer.fit` stopped: `max_epochs=100` reached.
`predict()` was called with `n > output_chunk_length`: using auto-regression to forecast the values after `output_chunk_length` points. The model will access `(n - output_chunk_length)` future values of your `past_covariates` (relative to the first predicted time step). To hide this warning, set `show_warnings=False`.
GPU available: True (cuda), used: True
TPU available: False, using: 0 TPU cores
HPU available: False, using: 0 HPUs
LOCAL_RANK: 0 - CUDA_VISIBLE_DEVICES: [0]
SLURM auto-requeueing enabled. Setting signal handlers.
[I 2024-11-14 13:42:34,300] Trial 12 finished with value: 0.05344895369327026 and parameters: {'input_chunk_length': 12, 'output_chunk_length': 8, 'batch_size': 64, 'num_blocks': 3, 'num_stacks': 2}. Best is trial 7 with value: 0.020702073996952737.
GPU available: True (cuda), used: True
TPU available: False, using: 0 TPU cores
HPU available: False, using: 0 HPUs
LOCAL_RANK: 0 - CUDA_VISIBLE_DEVICES: [0]

  | Name            | Type             | Params | Mode 
-------------------------------------------------------------
0 | criterion       | MSELoss          | 0      | train
1 | train_criterion | MSELoss          | 0      | train
2 | val_criterion   | MSELoss          | 0      | train
3 | train_metrics   | MetricCollection | 0      | train
4 | val_metrics     | MetricCollection | 0      | train
5 | stacks          | ModuleList       | 876 K  | train
-------------------------------------------------------------
874 K     Trainable params
1.7 K     Non-trainable params
876 K     Total params
3.507     Total estimated model params size (MB)
54        Modules in train mode
0         Modules in eval mode
SLURM auto-requeueing enabled. Setting signal handlers.
`Trainer.fit` stopped: `max_epochs=100` reached.
`predict()` was called with `n > output_chunk_length`: using auto-regression to forecast the values after `output_chunk_length` points. The model will access `(n - output_chunk_length)` future values of your `past_covariates` (relative to the first predicted time step). To hide this warning, set `show_warnings=False`.
GPU available: True (cuda), used: True
TPU available: False, using: 0 TPU cores
HPU available: False, using: 0 HPUs
LOCAL_RANK: 0 - CUDA_VISIBLE_DEVICES: [0]
SLURM auto-requeueing enabled. Setting signal handlers.
[I 2024-11-14 13:43:48,048] Trial 13 finished with value: 0.0490510329406654 and parameters: {'input_chunk_length': 18, 'output_chunk_length': 4, 'batch_size': 64, 'num_blocks': 2, 'num_stacks': 2}. Best is trial 7 with value: 0.020702073996952737.
GPU available: True (cuda), used: True
TPU available: False, using: 0 TPU cores
HPU available: False, using: 0 HPUs
LOCAL_RANK: 0 - CUDA_VISIBLE_DEVICES: [0]

  | Name            | Type             | Params | Mode 
-------------------------------------------------------------
0 | criterion       | MSELoss          | 0      | train
1 | train_criterion | MSELoss          | 0      | train
2 | val_criterion   | MSELoss          | 0      | train
3 | train_metrics   | MetricCollection | 0      | train
4 | val_metrics     | MetricCollection | 0      | train
5 | stacks          | ModuleList       | 1.4 M  | train
-------------------------------------------------------------
1.4 M     Trainable params
1.9 K     Non-trainable params
1.4 M     Total params
5.414     Total estimated model params size (MB)
76        Modules in train mode
0         Modules in eval mode
SLURM auto-requeueing enabled. Setting signal handlers.
`Trainer.fit` stopped: `max_epochs=100` reached.
`predict()` was called with `n > output_chunk_length`: using auto-regression to forecast the values after `output_chunk_length` points. The model will access `(n - output_chunk_length)` future values of your `past_covariates` (relative to the first predicted time step). To hide this warning, set `show_warnings=False`.
GPU available: True (cuda), used: True
TPU available: False, using: 0 TPU cores
HPU available: False, using: 0 HPUs
LOCAL_RANK: 0 - CUDA_VISIBLE_DEVICES: [0]
SLURM auto-requeueing enabled. Setting signal handlers.
[I 2024-11-14 13:49:30,863] Trial 14 finished with value: 0.08008696490250528 and parameters: {'input_chunk_length': 24, 'output_chunk_length': 9, 'batch_size': 16, 'num_blocks': 3, 'num_stacks': 2}. Best is trial 7 with value: 0.020702073996952737.
GPU available: True (cuda), used: True
TPU available: False, using: 0 TPU cores
HPU available: False, using: 0 HPUs
LOCAL_RANK: 0 - CUDA_VISIBLE_DEVICES: [0]

  | Name            | Type             | Params | Mode 
-------------------------------------------------------------
0 | criterion       | MSELoss          | 0      | train
1 | train_criterion | MSELoss          | 0      | train
2 | val_criterion   | MSELoss          | 0      | train
3 | train_metrics   | MetricCollection | 0      | train
4 | val_metrics     | MetricCollection | 0      | train
5 | stacks          | ModuleList       | 864 K  | train
-------------------------------------------------------------
862 K     Trainable params
1.6 K     Non-trainable params
864 K     Total params
3.456     Total estimated model params size (MB)
54        Modules in train mode
0         Modules in eval mode
SLURM auto-requeueing enabled. Setting signal handlers.
`Trainer.fit` stopped: `max_epochs=100` reached.
`predict()` was called with `n > output_chunk_length`: using auto-regression to forecast the values after `output_chunk_length` points. The model will access `(n - output_chunk_length)` future values of your `past_covariates` (relative to the first predicted time step). To hide this warning, set `show_warnings=False`.
GPU available: True (cuda), used: True
TPU available: False, using: 0 TPU cores
HPU available: False, using: 0 HPUs
LOCAL_RANK: 0 - CUDA_VISIBLE_DEVICES: [0]
SLURM auto-requeueing enabled. Setting signal handlers.
[I 2024-11-14 13:51:47,396] Trial 15 finished with value: 0.03989883475675596 and parameters: {'input_chunk_length': 15, 'output_chunk_length': 4, 'batch_size': 32, 'num_blocks': 2, 'num_stacks': 2}. Best is trial 7 with value: 0.020702073996952737.
GPU available: True (cuda), used: True
TPU available: False, using: 0 TPU cores
HPU available: False, using: 0 HPUs
LOCAL_RANK: 0 - CUDA_VISIBLE_DEVICES: [0]

  | Name            | Type             | Params | Mode 
-------------------------------------------------------------
0 | criterion       | MSELoss          | 0      | train
1 | train_criterion | MSELoss          | 0      | train
2 | val_criterion   | MSELoss          | 0      | train
3 | train_metrics   | MetricCollection | 0      | train
4 | val_metrics     | MetricCollection | 0      | train
5 | stacks          | ModuleList       | 859 K  | train
-------------------------------------------------------------
858 K     Trainable params
1.6 K     Non-trainable params
859 K     Total params
3.439     Total estimated model params size (MB)
54        Modules in train mode
0         Modules in eval mode
SLURM auto-requeueing enabled. Setting signal handlers.
`Trainer.fit` stopped: `max_epochs=100` reached.
`predict()` was called with `n > output_chunk_length`: using auto-regression to forecast the values after `output_chunk_length` points. The model will access `(n - output_chunk_length)` future values of your `past_covariates` (relative to the first predicted time step). To hide this warning, set `show_warnings=False`.
GPU available: True (cuda), used: True
TPU available: False, using: 0 TPU cores
HPU available: False, using: 0 HPUs
LOCAL_RANK: 0 - CUDA_VISIBLE_DEVICES: [0]
SLURM auto-requeueing enabled. Setting signal handlers.
[I 2024-11-14 13:53:01,485] Trial 16 finished with value: 0.08676797910459343 and parameters: {'input_chunk_length': 14, 'output_chunk_length': 2, 'batch_size': 64, 'num_blocks': 2, 'num_stacks': 2}. Best is trial 7 with value: 0.020702073996952737.
GPU available: True (cuda), used: True
TPU available: False, using: 0 TPU cores
HPU available: False, using: 0 HPUs
LOCAL_RANK: 0 - CUDA_VISIBLE_DEVICES: [0]

  | Name            | Type             | Params | Mode 
-------------------------------------------------------------
0 | criterion       | MSELoss          | 0      | train
1 | train_criterion | MSELoss          | 0      | train
2 | val_criterion   | MSELoss          | 0      | train
3 | train_metrics   | MetricCollection | 0      | train
4 | val_metrics     | MetricCollection | 0      | train
5 | stacks          | ModuleList       | 2.0 M  | train
-------------------------------------------------------------
2.0 M     Trainable params
1.7 K     Non-trainable params
2.0 M     Total params
7.855     Total estimated model params size (MB)
111       Modules in train mode
0         Modules in eval mode
SLURM auto-requeueing enabled. Setting signal handlers.
`Trainer.fit` stopped: `max_epochs=100` reached.
`predict()` was called with `n > output_chunk_length`: using auto-regression to forecast the values after `output_chunk_length` points. The model will access `(n - output_chunk_length)` future values of your `past_covariates` (relative to the first predicted time step). To hide this warning, set `show_warnings=False`.
GPU available: True (cuda), used: True
TPU available: False, using: 0 TPU cores
HPU available: False, using: 0 HPUs
LOCAL_RANK: 0 - CUDA_VISIBLE_DEVICES: [0]
SLURM auto-requeueing enabled. Setting signal handlers.
[I 2024-11-14 13:55:04,806] Trial 17 finished with value: 0.08517739343525431 and parameters: {'input_chunk_length': 17, 'output_chunk_length': 7, 'batch_size': 64, 'num_blocks': 3, 'num_stacks': 3}. Best is trial 7 with value: 0.020702073996952737.
GPU available: True (cuda), used: True
TPU available: False, using: 0 TPU cores
HPU available: False, using: 0 HPUs
LOCAL_RANK: 0 - CUDA_VISIBLE_DEVICES: [0]

  | Name            | Type             | Params | Mode 
-------------------------------------------------------------
0 | criterion       | MSELoss          | 0      | train
1 | train_criterion | MSELoss          | 0      | train
2 | val_criterion   | MSELoss          | 0      | train
3 | train_metrics   | MetricCollection | 0      | train
4 | val_metrics     | MetricCollection | 0      | train
5 | stacks          | ModuleList       | 856 K  | train
-------------------------------------------------------------
854 K     Trainable params
1.6 K     Non-trainable params
856 K     Total params
3.425     Total estimated model params size (MB)
54        Modules in train mode
0         Modules in eval mode
SLURM auto-requeueing enabled. Setting signal handlers.
`Trainer.fit` stopped: `max_epochs=100` reached.
`predict()` was called with `n > output_chunk_length`: using auto-regression to forecast the values after `output_chunk_length` points. The model will access `(n - output_chunk_length)` future values of your `past_covariates` (relative to the first predicted time step). To hide this warning, set `show_warnings=False`.
GPU available: True (cuda), used: True
TPU available: False, using: 0 TPU cores
HPU available: False, using: 0 HPUs
LOCAL_RANK: 0 - CUDA_VISIBLE_DEVICES: [0]
SLURM auto-requeueing enabled. Setting signal handlers.
[I 2024-11-14 13:57:20,606] Trial 18 finished with value: 0.020947844406513833 and parameters: {'input_chunk_length': 13, 'output_chunk_length': 9, 'batch_size': 32, 'num_blocks': 2, 'num_stacks': 2}. Best is trial 7 with value: 0.020702073996952737.
GPU available: True (cuda), used: True
TPU available: False, using: 0 TPU cores
HPU available: False, using: 0 HPUs
LOCAL_RANK: 0 - CUDA_VISIBLE_DEVICES: [0]

  | Name            | Type             | Params | Mode 
-------------------------------------------------------------
0 | criterion       | MSELoss          | 0      | train
1 | train_criterion | MSELoss          | 0      | train
2 | val_criterion   | MSELoss          | 0      | train
3 | train_metrics   | MetricCollection | 0      | train
4 | val_metrics     | MetricCollection | 0      | train
5 | stacks          | ModuleList       | 860 K  | train
-------------------------------------------------------------
858 K     Trainable params
1.6 K     Non-trainable params
860 K     Total params
3.441     Total estimated model params size (MB)
54        Modules in train mode
0         Modules in eval mode
SLURM auto-requeueing enabled. Setting signal handlers.
`Trainer.fit` stopped: `max_epochs=100` reached.
`predict()` was called with `n > output_chunk_length`: using auto-regression to forecast the values after `output_chunk_length` points. The model will access `(n - output_chunk_length)` future values of your `past_covariates` (relative to the first predicted time step). To hide this warning, set `show_warnings=False`.
GPU available: True (cuda), used: True
TPU available: False, using: 0 TPU cores
HPU available: False, using: 0 HPUs
LOCAL_RANK: 0 - CUDA_VISIBLE_DEVICES: [0]
SLURM auto-requeueing enabled. Setting signal handlers.
[I 2024-11-14 13:59:38,567] Trial 19 finished with value: 0.035401286711706954 and parameters: {'input_chunk_length': 14, 'output_chunk_length': 9, 'batch_size': 32, 'num_blocks': 2, 'num_stacks': 2}. Best is trial 7 with value: 0.020702073996952737.
GPU available: True (cuda), used: True
TPU available: False, using: 0 TPU cores
HPU available: False, using: 0 HPUs
LOCAL_RANK: 0 - CUDA_VISIBLE_DEVICES: [0]

  | Name            | Type             | Params | Mode 
-------------------------------------------------------------
0 | criterion       | MSELoss          | 0      | train
1 | train_criterion | MSELoss          | 0      | train
2 | val_criterion   | MSELoss          | 0      | train
3 | train_metrics   | MetricCollection | 0      | train
4 | val_metrics     | MetricCollection | 0      | train
5 | stacks          | ModuleList       | 1.3 M  | train
-------------------------------------------------------------
1.3 M     Trainable params
1.7 K     Non-trainable params
1.3 M     Total params
5.212     Total estimated model params size (MB)
78        Modules in train mode
0         Modules in eval mode
SLURM auto-requeueing enabled. Setting signal handlers.
`Trainer.fit` stopped: `max_epochs=100` reached.
`predict()` was called with `n > output_chunk_length`: using auto-regression to forecast the values after `output_chunk_length` points. The model will access `(n - output_chunk_length)` future values of your `past_covariates` (relative to the first predicted time step). To hide this warning, set `show_warnings=False`.
GPU available: True (cuda), used: True
TPU available: False, using: 0 TPU cores
HPU available: False, using: 0 HPUs
LOCAL_RANK: 0 - CUDA_VISIBLE_DEVICES: [0]
SLURM auto-requeueing enabled. Setting signal handlers.
[I 2024-11-14 14:02:38,572] Trial 20 finished with value: 0.01928192179244312 and parameters: {'input_chunk_length': 16, 'output_chunk_length': 9, 'batch_size': 32, 'num_blocks': 2, 'num_stacks': 3}. Best is trial 20 with value: 0.01928192179244312.
GPU available: True (cuda), used: True
TPU available: False, using: 0 TPU cores
HPU available: False, using: 0 HPUs
LOCAL_RANK: 0 - CUDA_VISIBLE_DEVICES: [0]

  | Name            | Type             | Params | Mode 
-------------------------------------------------------------
0 | criterion       | MSELoss          | 0      | train
1 | train_criterion | MSELoss          | 0      | train
2 | val_criterion   | MSELoss          | 0      | train
3 | train_metrics   | MetricCollection | 0      | train
4 | val_metrics     | MetricCollection | 0      | train
5 | stacks          | ModuleList       | 1.3 M  | train
-------------------------------------------------------------
1.3 M     Trainable params
1.7 K     Non-trainable params
1.3 M     Total params
5.213     Total estimated model params size (MB)
78        Modules in train mode
0         Modules in eval mode
SLURM auto-requeueing enabled. Setting signal handlers.
`Trainer.fit` stopped: `max_epochs=100` reached.
`predict()` was called with `n > output_chunk_length`: using auto-regression to forecast the values after `output_chunk_length` points. The model will access `(n - output_chunk_length)` future values of your `past_covariates` (relative to the first predicted time step). To hide this warning, set `show_warnings=False`.
GPU available: True (cuda), used: True
TPU available: False, using: 0 TPU cores
HPU available: False, using: 0 HPUs
LOCAL_RANK: 0 - CUDA_VISIBLE_DEVICES: [0]
SLURM auto-requeueing enabled. Setting signal handlers.
[I 2024-11-14 14:05:37,330] Trial 21 finished with value: 0.0648825433868973 and parameters: {'input_chunk_length': 16, 'output_chunk_length': 10, 'batch_size': 32, 'num_blocks': 2, 'num_stacks': 3}. Best is trial 20 with value: 0.01928192179244312.
GPU available: True (cuda), used: True
TPU available: False, using: 0 TPU cores
HPU available: False, using: 0 HPUs
LOCAL_RANK: 0 - CUDA_VISIBLE_DEVICES: [0]

  | Name            | Type             | Params | Mode 
-------------------------------------------------------------
0 | criterion       | MSELoss          | 0      | train
1 | train_criterion | MSELoss          | 0      | train
2 | val_criterion   | MSELoss          | 0      | train
3 | train_metrics   | MetricCollection | 0      | train
4 | val_metrics     | MetricCollection | 0      | train
5 | stacks          | ModuleList       | 1.3 M  | train
-------------------------------------------------------------
1.3 M     Trainable params
1.7 K     Non-trainable params
1.3 M     Total params
5.212     Total estimated model params size (MB)
78        Modules in train mode
0         Modules in eval mode
SLURM auto-requeueing enabled. Setting signal handlers.
`Trainer.fit` stopped: `max_epochs=100` reached.
`predict()` was called with `n > output_chunk_length`: using auto-regression to forecast the values after `output_chunk_length` points. The model will access `(n - output_chunk_length)` future values of your `past_covariates` (relative to the first predicted time step). To hide this warning, set `show_warnings=False`.
GPU available: True (cuda), used: True
TPU available: False, using: 0 TPU cores
HPU available: False, using: 0 HPUs
LOCAL_RANK: 0 - CUDA_VISIBLE_DEVICES: [0]
SLURM auto-requeueing enabled. Setting signal handlers.
[I 2024-11-14 14:08:37,969] Trial 22 finished with value: 0.06106116811072481 and parameters: {'input_chunk_length': 16, 'output_chunk_length': 8, 'batch_size': 32, 'num_blocks': 2, 'num_stacks': 3}. Best is trial 20 with value: 0.01928192179244312.
GPU available: True (cuda), used: True
TPU available: False, using: 0 TPU cores
HPU available: False, using: 0 HPUs
LOCAL_RANK: 0 - CUDA_VISIBLE_DEVICES: [0]

  | Name            | Type             | Params | Mode 
-------------------------------------------------------------
0 | criterion       | MSELoss          | 0      | train
1 | train_criterion | MSELoss          | 0      | train
2 | val_criterion   | MSELoss          | 0      | train
3 | train_metrics   | MetricCollection | 0      | train
4 | val_metrics     | MetricCollection | 0      | train
5 | stacks          | ModuleList       | 1.3 M  | train
-------------------------------------------------------------
1.3 M     Trainable params
1.7 K     Non-trainable params
1.3 M     Total params
5.263     Total estimated model params size (MB)
78        Modules in train mode
0         Modules in eval mode
SLURM auto-requeueing enabled. Setting signal handlers.
`Trainer.fit` stopped: `max_epochs=100` reached.
`predict()` was called with `n > output_chunk_length`: using auto-regression to forecast the values after `output_chunk_length` points. The model will access `(n - output_chunk_length)` future values of your `past_covariates` (relative to the first predicted time step). To hide this warning, set `show_warnings=False`.
GPU available: True (cuda), used: True
TPU available: False, using: 0 TPU cores
HPU available: False, using: 0 HPUs
LOCAL_RANK: 0 - CUDA_VISIBLE_DEVICES: [0]
SLURM auto-requeueing enabled. Setting signal handlers.
