number,value,datetime_start,datetime_complete,duration,params_batch_size,params_dropout,params_hidden_size,params_num_layers,params_sequence_length,params_weight_decay,state
0,0.003125106291327782,2025-07-14 14:08:48.120773,2025-07-15 03:32:57.756665,0 days 13:24:09.635892,16,0.5,256,4,822,0.0,COMPLETE
1,0.0011083339377950196,2025-07-15 03:32:57.765715,2025-07-15 05:39:44.486289,0 days 02:06:46.720574,16,0.0,32,3,1008,1e-06,COMPLETE
2,0.0009733292045086076,2025-07-15 05:39:44.491909,2025-07-15 06:58:40.308136,0 days 01:18:55.816227,32,0.0,128,2,606,0.0001,COMPLETE
3,0.002208233529517843,2025-07-15 06:58:40.313006,2025-07-15 08:42:11.393957,0 days 01:43:31.080951,16,0.1,128,2,426,0.0,COMPLETE
4,0.0006255740201230336,2025-07-15 08:42:11.402370,2025-07-15 10:45:29.468454,0 days 02:03:18.066084,32,0.1,32,4,990,0.0001,COMPLETE
5,0.0007449552135777426,2025-07-15 10:45:29.476883,2025-07-15 16:18:11.539467,0 days 05:32:42.062584,128,0.2,256,5,744,0.0001,COMPLETE
6,0.0021850517923569816,2025-07-15 16:18:11.544428,2025-07-15 18:07:07.203143,0 days 01:48:55.658715,128,0.4,256,3,498,1e-06,COMPLETE
7,0.0018813339864601729,2025-07-15 18:07:07.208695,2025-07-15 18:54:59.821605,0 days 00:47:52.612910,32,0.1,32,5,990,1e-06,COMPLETE
8,0.0012111768175371359,2025-07-15 18:54:59.826771,2025-07-16 06:03:57.524608,0 days 11:08:57.697837,32,0.1,256,4,942,0.0001,COMPLETE
9,0.0010409068436170936,2025-07-16 06:03:57.529527,2025-07-16 06:37:55.270589,0 days 00:33:57.741062,32,0.0,32,3,840,1e-06,COMPLETE
10,0.0013510559872530927,2025-07-16 06:37:55.285625,2025-07-16 07:08:32.806799,0 days 00:30:37.521174,64,0.3,64,4,222,1e-05,COMPLETE
11,0.0005888708186644588,2025-07-16 07:08:32.812422,2025-07-16 07:45:32.899462,0 days 00:37:00.087040,128,0.2,64,5,690,0.0001,COMPLETE
12,0.0006859209413867153,2025-07-16 07:45:32.905456,2025-07-16 08:25:59.243879,0 days 00:40:26.338423,128,0.2,64,5,654,0.0001,COMPLETE
13,0.0008964378879870694,2025-07-16 08:25:59.248813,2025-07-16 08:59:53.933782,0 days 00:33:54.684969,64,0.2,64,4,270,0.0001,COMPLETE
14,0.003091101251883336,2025-07-16 08:59:53.938871,2025-07-16 09:15:07.733635,0 days 00:15:13.794764,128,0.5,64,5,18,1e-05,COMPLETE
15,0.0005755347401909339,2025-07-16 09:15:07.742133,2025-07-16 10:56:57.120126,0 days 01:41:49.377993,32,0.4,32,4,726,0.0001,COMPLETE
16,0.000740019393734398,2025-07-16 10:56:57.128683,2025-07-16 11:33:39.353678,0 days 00:36:42.224995,128,0.4,32,5,642,0.0001,COMPLETE
17,0.0008307231902487763,2025-07-16 11:33:39.363908,2025-07-16 12:05:34.500737,0 days 00:31:55.136829,64,0.4,64,2,402,0.0001,COMPLETE
18,0.0011888367174102716,2025-07-16 12:05:34.509570,2025-07-16 14:10:48.005578,0 days 02:05:13.496008,128,0.3,128,5,732,1e-05,COMPLETE
19,0.0014619522938671618,2025-07-16 14:10:48.010681,2025-07-16 15:01:09.213410,0 days 00:50:21.202729,32,0.4,32,4,528,0.0,COMPLETE
20,0.0008484923792214,2025-07-16 15:01:09.224637,2025-07-16 16:06:48.632680,0 days 01:05:39.408043,32,0.2,64,5,870,0.0001,COMPLETE
21,0.0010346126555163626,2025-07-16 16:06:48.636979,2025-07-16 18:16:47.926475,0 days 02:09:59.289496,32,0.1,32,4,762,0.0001,COMPLETE
22,0.0009663625624951866,2025-07-16 18:16:47.932394,2025-07-16 19:53:44.992874,0 days 01:36:57.060480,32,0.1,32,4,900,0.0001,COMPLETE
23,0.0007442159594504029,2025-07-16 19:53:44.998987,2025-07-16 21:21:16.196626,0 days 01:27:31.197639,32,0.2,32,4,570,0.0001,COMPLETE
24,0.0007056238855360266,2025-07-16 21:21:16.200526,2025-07-16 22:54:40.147970,0 days 01:33:23.947444,32,0.4,32,4,702,0.0001,COMPLETE
25,0.0007231209453075645,2025-07-16 22:54:40.152929,2025-07-16 23:35:05.314302,0 days 00:40:25.161373,128,0.5,32,4,816,0.0001,COMPLETE
26,0.0006653957505866251,2025-07-16 23:35:05.319177,2025-07-17 00:44:27.201303,0 days 01:09:21.882126,16,0.3,64,2,936,0.0001,COMPLETE
27,0.0016720116747162127,2025-07-17 00:44:27.206222,2025-07-17 02:01:08.440360,0 days 01:16:41.234138,64,0.1,128,3,666,1e-05,COMPLETE
28,0.002013437509898345,2025-07-17 02:01:08.445812,2025-07-17 02:34:26.681087,0 days 00:33:18.235275,32,0.4,32,4,792,0.0,COMPLETE
29,0.003273450291484574,2025-07-17 02:34:26.685971,2025-07-17 09:41:12.041402,0 days 07:06:45.355431,16,0.5,256,4,462,0.0,COMPLETE
30,0.001003223723553021,2025-07-17 09:41:12.045483,2025-07-17 10:06:25.703628,0 days 00:25:13.658145,128,0.2,64,5,312,0.0001,COMPLETE
31,0.0007278819454185979,2025-07-17 10:06:25.718438,2025-07-17 12:01:00.447094,0 days 01:54:34.728656,16,0.3,64,2,942,0.0001,COMPLETE
32,0.0007889149068344462,2025-07-17 12:01:00.453079,2025-07-17 13:06:01.001995,0 days 01:05:00.548916,16,0.3,64,2,1002,0.0001,COMPLETE
33,0.0007070113700810084,2025-07-17 13:06:01.007262,2025-07-17 14:08:08.223332,0 days 01:02:07.216070,16,0.3,64,2,900,0.0001,COMPLETE
34,0.0007435593470349694,2025-07-17 14:08:08.228156,2025-07-17 15:39:20.731159,0 days 01:31:12.503003,16,0.0,64,2,948,0.0001,COMPLETE
35,0.0009548357339783922,2025-07-17 15:39:20.737219,2025-07-17 19:41:38.596060,0 days 04:02:17.858841,16,0.3,128,2,822,0.0001,COMPLETE
36,0.0016445391483387373,2025-07-17 19:41:38.604527,2025-07-17 21:26:06.778626,0 days 01:44:28.174099,16,0.1,32,3,576,1e-06,COMPLETE
37,0.0004869544283369473,2025-07-17 21:26:06.782699,2025-07-17 22:20:31.276678,0 days 00:54:24.493979,32,0.0,64,2,702,0.0001,COMPLETE
38,0.0032658602318810814,2025-07-17 22:20:31.285896,2025-07-18 06:16:17.910648,0 days 07:55:46.624752,32,0.0,256,4,696,0.0,COMPLETE
39,0.001651574366938173,2025-07-18 06:16:17.917068,2025-07-18 07:18:48.202890,0 days 01:02:30.285822,32,0.0,32,5,612,1e-06,COMPLETE
40,0.0006794700215695662,2025-07-18 07:18:48.209546,2025-07-18 08:50:08.876442,0 days 01:31:20.666896,32,0.0,128,3,762,0.0001,COMPLETE
41,0.0005949302875979628,2025-07-18 08:50:08.901381,2025-07-18 09:49:48.407488,0 days 00:59:39.506107,32,0.0,64,2,870,0.0001,COMPLETE
42,0.000669503678184651,2025-07-18 09:49:48.411835,2025-07-18 10:36:09.201120,0 days 00:46:20.789285,32,0.0,64,2,852,0.0001,COMPLETE
43,0.0005716410599225595,2025-07-18 10:36:09.207258,2025-07-18 11:10:54.067300,0 days 00:34:44.860042,32,0.0,64,2,786,0.0001,COMPLETE
44,0.0006577559385709508,2025-07-18 11:10:54.074701,2025-07-18 11:59:39.995441,0 days 00:48:45.920740,32,0.0,64,2,726,0.0001,COMPLETE
45,0.0006401568322313281,2025-07-18 11:59:40.001350,2025-07-18 12:42:39.615144,0 days 00:42:59.613794,32,0.0,64,2,780,0.0001,COMPLETE
46,0.0006980039027926627,2025-07-18 12:42:39.620469,2025-07-18 13:09:15.403777,0 days 00:26:35.783308,32,0.0,64,2,678,0.0001,COMPLETE
47,0.0009005880586034019,2025-07-18 13:09:15.409390,2025-07-18 13:27:16.329132,0 days 00:18:00.919742,128,0.0,64,2,522,1e-05,COMPLETE
48,0.0017720069448345713,2025-07-18 13:27:16.337993,2025-07-18 13:57:52.351316,0 days 00:30:36.013323,32,0.0,64,2,618,1e-06,COMPLETE
49,0.0007175779884297424,2025-07-18 13:57:52.356871,2025-07-18 14:31:20.355123,0 days 00:33:27.998252,64,0.2,64,2,798,0.0001,COMPLETE
